#
# There is insufficient memory for the Java Runtime Environment to continue.
# Native memory allocation (malloc) failed to allocate 1302576 bytes for Chunk::new
# Possible reasons:
#   The system is out of physical RAM or swap space
#   The process is running with CompressedOops enabled, and the Java Heap may be blocking the growth of the native heap
# Possible solutions:
#   Reduce memory load on the system
#   Increase physical memory or swap space
#   Check if swap backing store is full
#   Decrease Java heap size (-Xmx/-Xms)
#   Decrease number of Java threads
#   Decrease Java thread stack sizes (-Xss)
#   Set larger code cache with -XX:ReservedCodeCacheSize=
#   JVM is running with Unscaled Compressed Oops mode in which the Java heap is
#     placed in the first 4GB address space. The Java Heap base address is the
#     maximum limit for the native heap growth. Please use -XX:HeapBaseMinAddress
#     to set the Java Heap base and to place the Java Heap above 4GB virtual address.
# This output file may be truncated or incomplete.
#
#  Out of Memory Error (arena.cpp:168), pid=22028, tid=22012
#
# JRE version: OpenJDK Runtime Environment (21.0.1+12) (build 21.0.1+12-29)
# Java VM: OpenJDK 64-Bit Server VM (21.0.1+12-29, mixed mode, sharing, tiered, compressed oops, compressed class ptrs, g1 gc, windows-amd64)
# No core dump will be written. Minidumps are not enabled by default on client versions of Windows
#

---------------  S U M M A R Y ------------

Command Line: -javaagent:C:\Users\barek\AppData\Local\JetBrains\IntelliJ IDEA Community Edition 2024.3.2\lib\idea_rt.jar=54595:C:\Users\barek\AppData\Local\JetBrains\IntelliJ IDEA Community Edition 2024.3.2\bin -Dfile.encoding=UTF-8 -Dsun.stdout.encoding=UTF-8 -Dsun.stderr.encoding=UTF-8 com.macspace.gestiondestock.GestionDeStockApplication

Host: AMD Ryzen 5 5500U with Radeon Graphics         , 12 cores, 5G,  Windows 11 , 64 bit Build 26100 (10.0.26100.7920)
Time: Wed Mar 25 22:21:16 2026 Paris, Madrid elapsed time: 7.480971 seconds (0d 0h 0m 7s)

---------------  T H R E A D  ---------------

Current thread (0x000001933e5ff8b0):  JavaThread "C2 CompilerThread0" daemon [_thread_in_native, id=22012, stack(0x000000451f700000,0x000000451f800000) (1024K)]


Current CompileTask:
C2:   7481 3584       4       org.springframework.util.StringUtils::cleanPath (346 bytes)

Stack: [0x000000451f700000,0x000000451f800000]
Native frames: (J=compiled Java code, j=interpreted, Vv=VM code, C=native code)
V  [jvm.dll+0x6c9029]
V  [jvm.dll+0x854b81]
V  [jvm.dll+0x856e5e]
V  [jvm.dll+0x857543]
V  [jvm.dll+0x280c06]
V  [jvm.dll+0xc3ead]
V  [jvm.dll+0xc43c3]
V  [jvm.dll+0x3b5732]
V  [jvm.dll+0x382475]
V  [jvm.dll+0x3818ea]
V  [jvm.dll+0x249ad0]
V  [jvm.dll+0x2490b1]
V  [jvm.dll+0x1c9ca1]
V  [jvm.dll+0x2586b9]
V  [jvm.dll+0x256c9a]
V  [jvm.dll+0x3ef1b6]
V  [jvm.dll+0x7fd728]
V  [jvm.dll+0x6c777d]
C  [ucrtbase.dll+0x37b0]
C  [KERNEL32.DLL+0x2e8d7]
C  [ntdll.dll+0x8c48c]


---------------  P R O C E S S  ---------------

Threads class SMR info:
_java_thread_list=0x0000019385e43fe0, length=13, elements={
0x0000019320180670, 0x000001933e5f53c0, 0x000001933e5f6020, 0x000001933e5fbfd0,
0x000001933e5fcec0, 0x000001933e5fd920, 0x000001933e5feb20, 0x000001933e5ff8b0,
0x000001933e625540, 0x000001933e86a530, 0x000001933eb9e240, 0x000001933ea82be0,
0x000001938651f3c0
}

Java Threads: ( => current thread )
  0x0000019320180670 JavaThread "main"                              [_thread_in_native, id=18792, stack(0x000000451e900000,0x000000451ea00000) (1024K)]
  0x000001933e5f53c0 JavaThread "Reference Handler"          daemon [_thread_blocked, id=16108, stack(0x000000451f100000,0x000000451f200000) (1024K)]
  0x000001933e5f6020 JavaThread "Finalizer"                  daemon [_thread_blocked, id=22988, stack(0x000000451f200000,0x000000451f300000) (1024K)]
  0x000001933e5fbfd0 JavaThread "Signal Dispatcher"          daemon [_thread_blocked, id=28848, stack(0x000000451f300000,0x000000451f400000) (1024K)]
  0x000001933e5fcec0 JavaThread "Attach Listener"            daemon [_thread_blocked, id=10360, stack(0x000000451f400000,0x000000451f500000) (1024K)]
  0x000001933e5fd920 JavaThread "Service Thread"             daemon [_thread_blocked, id=16348, stack(0x000000451f500000,0x000000451f600000) (1024K)]
  0x000001933e5feb20 JavaThread "Monitor Deflation Thread"   daemon [_thread_blocked, id=26472, stack(0x000000451f600000,0x000000451f700000) (1024K)]
=>0x000001933e5ff8b0 JavaThread "C2 CompilerThread0"         daemon [_thread_in_native, id=22012, stack(0x000000451f700000,0x000000451f800000) (1024K)]
  0x000001933e625540 JavaThread "C1 CompilerThread0"         daemon [_thread_blocked, id=1336, stack(0x000000451f800000,0x000000451f900000) (1024K)]
  0x000001933e86a530 JavaThread "Common-Cleaner"             daemon [_thread_blocked, id=26312, stack(0x000000451f900000,0x000000451fa00000) (1024K)]
  0x000001933eb9e240 JavaThread "Monitor Ctrl-Break"         daemon [_thread_in_native, id=6592, stack(0x000000451fa00000,0x000000451fb00000) (1024K)]
  0x000001933ea82be0 JavaThread "Notification Thread"        daemon [_thread_blocked, id=3060, stack(0x000000451fb00000,0x000000451fc00000) (1024K)]
  0x000001938651f3c0 JavaThread "C2 CompilerThread1"         daemon [_thread_blocked, id=8712, stack(0x0000004520700000,0x0000004520800000) (1024K)]
Total: 13

Other Threads:
  0x000001933e5d5000 VMThread "VM Thread"                           [id=21140, stack(0x000000451f000000,0x000000451f100000) (1024K)]
  0x000001933e5bd600 WatcherThread "VM Periodic Task Thread"        [id=28824, stack(0x000000451ef00000,0x000000451f000000) (1024K)]
  0x000001932035e470 WorkerThread "GC Thread#0"                     [id=18328, stack(0x000000451ea00000,0x000000451eb00000) (1024K)]
  0x0000019384a86960 WorkerThread "GC Thread#1"                     [id=9732, stack(0x000000451fc00000,0x000000451fd00000) (1024K)]
  0x0000019384435d00 WorkerThread "GC Thread#2"                     [id=18096, stack(0x000000451fd00000,0x000000451fe00000) (1024K)]
  0x0000019384667a90 WorkerThread "GC Thread#3"                     [id=26308, stack(0x000000451fe00000,0x000000451ff00000) (1024K)]
  0x0000019384667e30 WorkerThread "GC Thread#4"                     [id=15472, stack(0x000000451ff00000,0x0000004520000000) (1024K)]
  0x0000019384b3a0e0 WorkerThread "GC Thread#5"                     [id=3556, stack(0x0000004520000000,0x0000004520100000) (1024K)]
  0x0000019384f47be0 WorkerThread "GC Thread#6"                     [id=6816, stack(0x0000004520200000,0x0000004520300000) (1024K)]
  0x0000019384f47f80 WorkerThread "GC Thread#7"                     [id=9152, stack(0x0000004520300000,0x0000004520400000) (1024K)]
  0x0000019384f47840 WorkerThread "GC Thread#8"                     [id=6776, stack(0x0000004520400000,0x0000004520500000) (1024K)]
  0x0000019384f486c0 WorkerThread "GC Thread#9"                     [id=14880, stack(0x0000004520100000,0x0000004520200000) (1024K)]
  0x000001932036b010 ConcurrentGCThread "G1 Main Marker"            [id=10568, stack(0x000000451eb00000,0x000000451ec00000) (1024K)]
  0x000001932036c990 WorkerThread "G1 Conc#0"                       [id=29712, stack(0x000000451ec00000,0x000000451ed00000) (1024K)]
  0x0000019384f48a60 WorkerThread "G1 Conc#1"                       [id=16632, stack(0x0000004520500000,0x0000004520600000) (1024K)]
  0x0000019384f48e00 WorkerThread "G1 Conc#2"                       [id=8720, stack(0x0000004520600000,0x0000004520700000) (1024K)]
  0x000001933e4934d0 ConcurrentGCThread "G1 Refine#0"               [id=27516, stack(0x000000451ed00000,0x000000451ee00000) (1024K)]
  0x00000193203ccc80 ConcurrentGCThread "G1 Service"                [id=23536, stack(0x000000451ee00000,0x000000451ef00000) (1024K)]
Total: 18

Threads with active compile tasks:
C2 CompilerThread0     7547 3584       4       org.springframework.util.StringUtils::cleanPath (346 bytes)
Total: 1

VM state: not at safepoint (normal execution)

VM Mutex/Monitor currently owned by a thread: None

Heap address: 0x00000000a2200000, size: 1502 MB, Compressed Oops mode: 32-bit

CDS archive(s) mapped at: [0x000001933f000000-0x000001933fc90000-0x000001933fc90000), size 13172736, SharedBaseAddress: 0x000001933f000000, ArchiveRelocationMode: 1.
Compressed class space mapped at: 0x0000019340000000-0x0000019380000000, reserved size: 1073741824
Narrow klass base: 0x000001933f000000, Narrow klass shift: 0, Narrow klass range: 0x100000000

GC Precious Log:
 CardTable entry size: 512
 Card Set container configuration: InlinePtr #cards 5 size 8 Array Of Cards #cards 12 size 40 Howl #buckets 4 coarsen threshold 1843 Howl Bitmap #cards 512 size 80 coarsen threshold 460 Card regions per heap region 1 cards per card region 2048
 CPUs: 12 total, 12 available
 Memory: 6005M
 Large Page Support: Disabled
 NUMA Support: Disabled
 Compressed Oops: Enabled (32-bit)
 Heap Region Size: 1M
 Heap Min Capacity: 8M
 Heap Initial Capacity: 94M
 Heap Max Capacity: 1502M
 Pre-touch: Disabled
 Parallel Workers: 10
 Concurrent Workers: 3
 Concurrent Refinement Workers: 10
 Periodic GC: Disabled

Heap:
 garbage-first heap   total 55296K, used 33929K [0x00000000a2200000, 0x0000000100000000)
  region size 1024K, 20 young (20480K), 3 survivors (3072K)
 Metaspace       used 26203K, committed 26560K, reserved 1114112K
  class space    used 3277K, committed 3456K, reserved 1048576K

Heap Regions: E=young(eden), S=young(survivor), O=old, HS=humongous(starts), HC=humongous(continues), CS=collection set, F=free, TAMS=top-at-mark-start, PB=parsable bottom
|   0|0x00000000a2200000, 0x00000000a2300000, 0x00000000a2300000|100%|HS|  |TAMS 0x00000000a2200000| PB 0x00000000a2200000| Complete 
|   1|0x00000000a2300000, 0x00000000a2400000, 0x00000000a2400000|100%| O|  |TAMS 0x00000000a2300000| PB 0x00000000a2300000| Untracked 
|   2|0x00000000a2400000, 0x00000000a2500000, 0x00000000a2500000|100%| O|  |TAMS 0x00000000a2400000| PB 0x00000000a2400000| Untracked 
|   3|0x00000000a2500000, 0x00000000a2600000, 0x00000000a2600000|100%| O|  |TAMS 0x00000000a2500000| PB 0x00000000a2500000| Untracked 
|   4|0x00000000a2600000, 0x00000000a2700000, 0x00000000a2700000|100%| O|  |TAMS 0x00000000a2600000| PB 0x00000000a2600000| Untracked 
|   5|0x00000000a2700000, 0x00000000a2800000, 0x00000000a2800000|100%| O|  |TAMS 0x00000000a2700000| PB 0x00000000a2700000| Untracked 
|   6|0x00000000a2800000, 0x00000000a2900000, 0x00000000a2900000|100%| O|  |TAMS 0x00000000a2800000| PB 0x00000000a2800000| Untracked 
|   7|0x00000000a2900000, 0x00000000a2a00000, 0x00000000a2a00000|100%| O|  |TAMS 0x00000000a2900000| PB 0x00000000a2900000| Untracked 
|   8|0x00000000a2a00000, 0x00000000a2b00000, 0x00000000a2b00000|100%| O|  |TAMS 0x00000000a2a00000| PB 0x00000000a2a00000| Untracked 
|   9|0x00000000a2b00000, 0x00000000a2c00000, 0x00000000a2c00000|100%| O|  |TAMS 0x00000000a2b00000| PB 0x00000000a2b00000| Untracked 
|  10|0x00000000a2c00000, 0x00000000a2d00000, 0x00000000a2d00000|100%| O|  |TAMS 0x00000000a2c00000| PB 0x00000000a2c00000| Untracked 
|  11|0x00000000a2d00000, 0x00000000a2e00000, 0x00000000a2e00000|100%| O|  |TAMS 0x00000000a2d00000| PB 0x00000000a2d00000| Untracked 
|  12|0x00000000a2e00000, 0x00000000a2f00000, 0x00000000a2f00000|100%| O|  |TAMS 0x00000000a2e00000| PB 0x00000000a2e00000| Untracked 
|  13|0x00000000a2f00000, 0x00000000a3000000, 0x00000000a3000000|100%| O|  |TAMS 0x00000000a2f00000| PB 0x00000000a2f00000| Untracked 
|  14|0x00000000a3000000, 0x00000000a30a2660, 0x00000000a3100000| 63%| O|  |TAMS 0x00000000a3000000| PB 0x00000000a3000000| Untracked 
|  15|0x00000000a3100000, 0x00000000a3100000, 0x00000000a3200000|  0%| F|  |TAMS 0x00000000a3100000| PB 0x00000000a3100000| Untracked 
|  16|0x00000000a3200000, 0x00000000a3200000, 0x00000000a3300000|  0%| F|  |TAMS 0x00000000a3200000| PB 0x00000000a3200000| Untracked 
|  17|0x00000000a3300000, 0x00000000a3300000, 0x00000000a3400000|  0%| F|  |TAMS 0x00000000a3300000| PB 0x00000000a3300000| Untracked 
|  18|0x00000000a3400000, 0x00000000a3400000, 0x00000000a3500000|  0%| F|  |TAMS 0x00000000a3400000| PB 0x00000000a3400000| Untracked 
|  19|0x00000000a3500000, 0x00000000a3580000, 0x00000000a3600000| 50%| S|CS|TAMS 0x00000000a3500000| PB 0x00000000a3500000| Complete 
|  20|0x00000000a3600000, 0x00000000a3700000, 0x00000000a3700000|100%| S|CS|TAMS 0x00000000a3600000| PB 0x00000000a3600000| Complete 
|  21|0x00000000a3700000, 0x00000000a3800000, 0x00000000a3800000|100%| S|CS|TAMS 0x00000000a3700000| PB 0x00000000a3700000| Complete 
|  22|0x00000000a3800000, 0x00000000a3800000, 0x00000000a3900000|  0%| F|  |TAMS 0x00000000a3800000| PB 0x00000000a3800000| Untracked 
|  23|0x00000000a3900000, 0x00000000a3900000, 0x00000000a3a00000|  0%| F|  |TAMS 0x00000000a3900000| PB 0x00000000a3900000| Untracked 
|  24|0x00000000a3a00000, 0x00000000a3a00000, 0x00000000a3b00000|  0%| F|  |TAMS 0x00000000a3a00000| PB 0x00000000a3a00000| Untracked 
|  25|0x00000000a3b00000, 0x00000000a3b00000, 0x00000000a3c00000|  0%| F|  |TAMS 0x00000000a3b00000| PB 0x00000000a3b00000| Untracked 
|  26|0x00000000a3c00000, 0x00000000a3c00000, 0x00000000a3d00000|  0%| F|  |TAMS 0x00000000a3c00000| PB 0x00000000a3c00000| Untracked 
|  27|0x00000000a3d00000, 0x00000000a3d00000, 0x00000000a3e00000|  0%| F|  |TAMS 0x00000000a3d00000| PB 0x00000000a3d00000| Untracked 
|  28|0x00000000a3e00000, 0x00000000a3e00000, 0x00000000a3f00000|  0%| F|  |TAMS 0x00000000a3e00000| PB 0x00000000a3e00000| Untracked 
|  29|0x00000000a3f00000, 0x00000000a3f00000, 0x00000000a4000000|  0%| F|  |TAMS 0x00000000a3f00000| PB 0x00000000a3f00000| Untracked 
|  30|0x00000000a4000000, 0x00000000a4000000, 0x00000000a4100000|  0%| F|  |TAMS 0x00000000a4000000| PB 0x00000000a4000000| Untracked 
|  31|0x00000000a4100000, 0x00000000a4100000, 0x00000000a4200000|  0%| F|  |TAMS 0x00000000a4100000| PB 0x00000000a4100000| Untracked 
|  32|0x00000000a4200000, 0x00000000a4200000, 0x00000000a4300000|  0%| F|  |TAMS 0x00000000a4200000| PB 0x00000000a4200000| Untracked 
|  33|0x00000000a4300000, 0x00000000a4300000, 0x00000000a4400000|  0%| F|  |TAMS 0x00000000a4300000| PB 0x00000000a4300000| Untracked 
|  34|0x00000000a4400000, 0x00000000a4400000, 0x00000000a4500000|  0%| F|  |TAMS 0x00000000a4400000| PB 0x00000000a4400000| Untracked 
|  35|0x00000000a4500000, 0x00000000a4500000, 0x00000000a4600000|  0%| F|  |TAMS 0x00000000a4500000| PB 0x00000000a4500000| Untracked 
|  36|0x00000000a4600000, 0x00000000a4600000, 0x00000000a4700000|  0%| F|  |TAMS 0x00000000a4600000| PB 0x00000000a4600000| Untracked 
|  37|0x00000000a4700000, 0x00000000a47f92a0, 0x00000000a4800000| 97%| E|  |TAMS 0x00000000a4700000| PB 0x00000000a4700000| Complete 
|  38|0x00000000a4800000, 0x00000000a4900000, 0x00000000a4900000|100%| E|CS|TAMS 0x00000000a4800000| PB 0x00000000a4800000| Complete 
|  39|0x00000000a4900000, 0x00000000a4a00000, 0x00000000a4a00000|100%| E|CS|TAMS 0x00000000a4900000| PB 0x00000000a4900000| Complete 
|  40|0x00000000a4a00000, 0x00000000a4b00000, 0x00000000a4b00000|100%| E|CS|TAMS 0x00000000a4a00000| PB 0x00000000a4a00000| Complete 
|  41|0x00000000a4b00000, 0x00000000a4c00000, 0x00000000a4c00000|100%| E|CS|TAMS 0x00000000a4b00000| PB 0x00000000a4b00000| Complete 
|  42|0x00000000a4c00000, 0x00000000a4d00000, 0x00000000a4d00000|100%| E|CS|TAMS 0x00000000a4c00000| PB 0x00000000a4c00000| Complete 
|  43|0x00000000a4d00000, 0x00000000a4e00000, 0x00000000a4e00000|100%| E|CS|TAMS 0x00000000a4d00000| PB 0x00000000a4d00000| Complete 
|  44|0x00000000a4e00000, 0x00000000a4f00000, 0x00000000a4f00000|100%| E|CS|TAMS 0x00000000a4e00000| PB 0x00000000a4e00000| Complete 
|  45|0x00000000a4f00000, 0x00000000a5000000, 0x00000000a5000000|100%| E|CS|TAMS 0x00000000a4f00000| PB 0x00000000a4f00000| Complete 
|  46|0x00000000a5000000, 0x00000000a5100000, 0x00000000a5100000|100%| E|CS|TAMS 0x00000000a5000000| PB 0x00000000a5000000| Complete 
|  47|0x00000000a5100000, 0x00000000a5200000, 0x00000000a5200000|100%| E|CS|TAMS 0x00000000a5100000| PB 0x00000000a5100000| Complete 
|  48|0x00000000a5200000, 0x00000000a5300000, 0x00000000a5300000|100%| E|CS|TAMS 0x00000000a5200000| PB 0x00000000a5200000| Complete 
|  49|0x00000000a5300000, 0x00000000a5400000, 0x00000000a5400000|100%| E|CS|TAMS 0x00000000a5300000| PB 0x00000000a5300000| Complete 
|  50|0x00000000a5400000, 0x00000000a5500000, 0x00000000a5500000|100%| E|CS|TAMS 0x00000000a5400000| PB 0x00000000a5400000| Complete 
|  51|0x00000000a5500000, 0x00000000a5600000, 0x00000000a5600000|100%| E|CS|TAMS 0x00000000a5500000| PB 0x00000000a5500000| Complete 
|  52|0x00000000a5600000, 0x00000000a5700000, 0x00000000a5700000|100%| E|CS|TAMS 0x00000000a5600000| PB 0x00000000a5600000| Complete 
|  93|0x00000000a7f00000, 0x00000000a8000000, 0x00000000a8000000|100%| E|CS|TAMS 0x00000000a7f00000| PB 0x00000000a7f00000| Complete 

Card table byte_map: [0x0000019339ee0000,0x000001933a1d0000] _byte_map_base: 0x00000193399cf000

Marking Bits: (CMBitMap*) 0x000001932035eb70
 Bits: [0x000001933a1d0000, 0x000001933b948000)

Polling page: 0x00000193203d0000

Metaspace:

Usage:
  Non-class:     22.39 MB used.
      Class:      3.20 MB used.
       Both:     25.59 MB used.

Virtual space:
  Non-class space:       64.00 MB reserved,      22.56 MB ( 35%) committed,  1 nodes.
      Class space:        1.00 GB reserved,       3.38 MB ( <1%) committed,  1 nodes.
             Both:        1.06 GB reserved,      25.94 MB (  2%) committed. 

Chunk freelists:
   Non-Class:  9.17 MB
       Class:  12.47 MB
        Both:  21.64 MB

MaxMetaspaceSize: unlimited
CompressedClassSpaceSize: 1.00 GB
Initial GC threshold: 21.00 MB
Current GC threshold: 35.12 MB
CDS: on
 - commit_granule_bytes: 65536.
 - commit_granule_words: 8192.
 - virtual_space_node_default_size: 8388608.
 - enlarge_chunks_in_place: 1.
 - use_allocation_guard: 0.


Internal statistics:

num_allocs_failed_limit: 3.
num_arena_births: 350.
num_arena_deaths: 0.
num_vsnodes_births: 2.
num_vsnodes_deaths: 0.
num_space_committed: 415.
num_space_uncommitted: 0.
num_chunks_returned_to_freelist: 3.
num_chunks_taken_from_freelist: 1267.
num_chunk_merges: 3.
num_chunk_splits: 871.
num_chunks_enlarged: 639.
num_inconsistent_stats: 0.

CodeHeap 'non-profiled nmethods': size=120000Kb used=1548Kb max_used=1548Kb free=118451Kb
 bounds [0x0000019331a30000, 0x0000019331ca0000, 0x0000019338f60000]
CodeHeap 'profiled nmethods': size=120000Kb used=7124Kb max_used=7124Kb free=112875Kb
 bounds [0x0000019329f60000, 0x000001932a660000, 0x0000019331490000]
CodeHeap 'non-nmethods': size=5760Kb used=1453Kb max_used=1496Kb free=4306Kb
 bounds [0x0000019331490000, 0x0000019331700000, 0x0000019331a30000]
 total_blobs=4237 nmethods=3700 adapters=441
 compilation: enabled
              stopped_count=0, restarted_count=0
 full_count=0

Compilation events (20 events):
Event: 6.430 Thread 0x000001933e625540 nmethod 3657 0x000001932a63f290 code [0x000001932a63f6c0, 0x000001932a641c48]
Event: 6.430 Thread 0x000001933e625540 3659       3       java.util.stream.Streams$ConcatSpliterator::<init> (47 bytes)
Event: 6.430 Thread 0x000001938651f3c0 nmethod 3658 0x0000019331baab10 code [0x0000019331baaca0, 0x0000019331baae18]
Event: 6.430 Thread 0x000001933e625540 nmethod 3659 0x000001932a642710 code [0x000001932a6428e0, 0x000001932a642d28]
Event: 6.431 Thread 0x000001938651f3c0 3661       4       sun.net.util.IPAddressUtil::checkHostString (64 bytes)
Event: 6.434 Thread 0x000001933e625540 3663       3       org.springframework.util.ConcurrentLruCache$ReadOperations::drainReadBuffer (103 bytes)
Event: 6.435 Thread 0x000001938651f3c0 nmethod 3661 0x0000019331baaf90 code [0x0000019331bab120, 0x0000019331bab250]
Event: 6.435 Thread 0x000001938651f3c0 3662       4       java.util.RegularEnumSet::contains (57 bytes)
Event: 6.437 Thread 0x000001938651f3c0 nmethod 3662 0x0000019331bab490 code [0x0000019331bab620, 0x0000019331bab740]
Event: 6.439 Thread 0x000001933e625540 nmethod 3663 0x000001932a642e90 code [0x000001932a6432c0, 0x000001932a645658]
Event: 6.442 Thread 0x000001933e625540 3664       1       java.lang.invoke.ClassSpecializer$SpeciesData::getterFunctions (5 bytes)
Event: 6.443 Thread 0x000001938651f3c0 3665       4       java.util.Arrays::rangeCheck (74 bytes)
Event: 6.443 Thread 0x000001933e625540 nmethod 3664 0x0000019331bab810 code [0x0000019331bab9a0, 0x0000019331baba68]
Event: 6.445 Thread 0x000001938651f3c0 nmethod 3665 0x0000019331bac110 code [0x0000019331bac2a0, 0x0000019331bac368]
Event: 6.445 Thread 0x000001938651f3c0 3666       4       jdk.internal.org.objectweb.asm.MethodWriter::visitVarInsn (302 bytes)
Event: 6.458 Thread 0x000001938651f3c0 nmethod 3666 0x0000019331baca10 code [0x0000019331bacc00, 0x0000019331bad1b8]
Event: 6.458 Thread 0x000001938651f3c0 3669       4       jdk.internal.org.objectweb.asm.Type::getArgumentsAndReturnSizes (140 bytes)
Event: 6.466 Thread 0x000001933e625540 3674       3       java.util.StringTokenizer::<init> (52 bytes)
Event: 6.467 Thread 0x000001933e625540 nmethod 3674 0x000001932a646290 code [0x000001932a646460, 0x000001932a6467d0]
Event: 6.471 Thread 0x000001933e625540 3676   !   3       java.nio.file.FileTreeWalker::visit (204 bytes)

GC Heap History (8 events):
Event: 1.959 GC heap before
{Heap before GC invocations=0 (full 0):
 garbage-first heap   total 96256K, used 23552K [0x00000000a2200000, 0x0000000100000000)
  region size 1024K, 23 young (23552K), 0 survivors (0K)
 Metaspace       used 6517K, committed 6720K, reserved 1114112K
  class space    used 751K, committed 832K, reserved 1048576K
}
Event: 1.973 GC heap after
{Heap after GC invocations=1 (full 0):
 garbage-first heap   total 96256K, used 7648K [0x00000000a2200000, 0x0000000100000000)
  region size 1024K, 3 young (3072K), 3 survivors (3072K)
 Metaspace       used 6517K, committed 6720K, reserved 1114112K
  class space    used 751K, committed 832K, reserved 1048576K
}
Event: 3.050 GC heap before
{Heap before GC invocations=1 (full 0):
 garbage-first heap   total 96256K, used 34272K [0x00000000a2200000, 0x0000000100000000)
  region size 1024K, 30 young (30720K), 3 survivors (3072K)
 Metaspace       used 13138K, committed 13504K, reserved 1114112K
  class space    used 1746K, committed 1920K, reserved 1048576K
}
Event: 3.059 GC heap after
{Heap after GC invocations=2 (full 0):
 garbage-first heap   total 96256K, used 10041K [0x00000000a2200000, 0x0000000100000000)
  region size 1024K, 3 young (3072K), 3 survivors (3072K)
 Metaspace       used 13138K, committed 13504K, reserved 1114112K
  class space    used 1746K, committed 1920K, reserved 1048576K
}
Event: 4.390 GC heap before
{Heap before GC invocations=2 (full 0):
 garbage-first heap   total 96256K, used 53049K [0x00000000a2200000, 0x0000000100000000)
  region size 1024K, 47 young (48128K), 3 survivors (3072K)
 Metaspace       used 21209K, committed 21504K, reserved 1114112K
  class space    used 2671K, committed 2816K, reserved 1048576K
}
Event: 4.406 GC heap after
{Heap after GC invocations=3 (full 0):
 garbage-first heap   total 96256K, used 15360K [0x00000000a2200000, 0x0000000100000000)
  region size 1024K, 7 young (7168K), 7 survivors (7168K)
 Metaspace       used 21209K, committed 21504K, reserved 1114112K
  class space    used 2671K, committed 2816K, reserved 1048576K
}
Event: 5.591 GC heap before
{Heap before GC invocations=4 (full 0):
 garbage-first heap   total 55296K, used 40960K [0x00000000a2200000, 0x0000000100000000)
  region size 1024K, 32 young (32768K), 7 survivors (7168K)
 Metaspace       used 24189K, committed 24576K, reserved 1114112K
  class space    used 3038K, committed 3200K, reserved 1048576K
}
Event: 5.614 GC heap after
{Heap after GC invocations=5 (full 0):
 garbage-first heap   total 55296K, used 17545K [0x00000000a2200000, 0x0000000100000000)
  region size 1024K, 3 young (3072K), 3 survivors (3072K)
 Metaspace       used 24189K, committed 24576K, reserved 1114112K
  class space    used 3038K, committed 3200K, reserved 1048576K
}

Dll operation events (11 events):
Event: 0.024 Loaded shared library C:\Users\barek\.jdks\openjdk-21.0.1\bin\java.dll
Event: 0.097 Loaded shared library C:\Users\barek\.jdks\openjdk-21.0.1\bin\jsvml.dll
Event: 0.422 Loaded shared library C:\Users\barek\.jdks\openjdk-21.0.1\bin\zip.dll
Event: 0.432 Loaded shared library C:\Users\barek\.jdks\openjdk-21.0.1\bin\instrument.dll
Event: 0.446 Loaded shared library C:\Users\barek\.jdks\openjdk-21.0.1\bin\net.dll
Event: 0.451 Loaded shared library C:\Users\barek\.jdks\openjdk-21.0.1\bin\nio.dll
Event: 0.458 Loaded shared library C:\Users\barek\.jdks\openjdk-21.0.1\bin\zip.dll
Event: 0.822 Loaded shared library C:\Users\barek\AppData\Local\JetBrains\IntelliJ IDEA Community Edition 2024.3.2\bin\breakgen64.dll
Event: 0.842 Loaded shared library C:\Users\barek\.jdks\openjdk-21.0.1\bin\extnet.dll
Event: 0.928 Loaded shared library C:\Users\barek\.jdks\openjdk-21.0.1\bin\jimage.dll
Event: 4.090 Loaded shared library C:\Users\barek\.jdks\openjdk-21.0.1\bin\sunmscapi.dll

Deoptimization events (20 events):
Event: 6.225 Thread 0x0000019320180670 DEOPT PACKING pc=0x0000019331b9bfe4 sp=0x000000451e9fd8f0
Event: 6.225 Thread 0x0000019320180670 DEOPT UNPACKING pc=0x00000193314e46a2 sp=0x000000451e9fd890 mode 2
Event: 6.242 Thread 0x0000019320180670 Uncommon trap: trap_request=0xffffffdc fr.pc=0x0000019331b9d110 relative=0x0000000000000250
Event: 6.242 Thread 0x0000019320180670 Uncommon trap: reason=class_check action=make_not_entrant pc=0x0000019331b9d110 method=java.util.ArrayList.toArray([Ljava/lang/Object;)[Ljava/lang/Object; @ 21 c2
Event: 6.242 Thread 0x0000019320180670 DEOPT PACKING pc=0x0000019331b9d110 sp=0x000000451e9fdaa0
Event: 6.242 Thread 0x0000019320180670 DEOPT UNPACKING pc=0x00000193314e46a2 sp=0x000000451e9fda60 mode 2
Event: 6.263 Thread 0x0000019320180670 DEOPT PACKING pc=0x0000019329fba249 sp=0x000000451e9fdcc0
Event: 6.263 Thread 0x0000019320180670 DEOPT UNPACKING pc=0x00000193314e4e42 sp=0x000000451e9fd1c0 mode 0
Event: 6.273 Thread 0x0000019320180670 Uncommon trap: trap_request=0xffffff45 fr.pc=0x0000019331ba1400 relative=0x0000000000000240
Event: 6.273 Thread 0x0000019320180670 Uncommon trap: reason=unstable_if action=reinterpret pc=0x0000019331ba1400 method=org.springframework.asm.Type.getTypeInternal(Ljava/lang/String;II)Lorg/springframework/asm/Type; @ 5 c2
Event: 6.273 Thread 0x0000019320180670 DEOPT PACKING pc=0x0000019331ba1400 sp=0x000000451e9fd8d0
Event: 6.273 Thread 0x0000019320180670 DEOPT UNPACKING pc=0x00000193314e46a2 sp=0x000000451e9fd868 mode 2
Event: 6.464 Thread 0x0000019320180670 Uncommon trap: trap_request=0xffffffde fr.pc=0x0000019331b278e4 relative=0x0000000000000724
Event: 6.464 Thread 0x0000019320180670 Uncommon trap: reason=class_check action=maybe_recompile pc=0x0000019331b278e4 method=java.util.regex.Matcher.search(I)Z @ 121 c2
Event: 6.464 Thread 0x0000019320180670 DEOPT PACKING pc=0x0000019331b278e4 sp=0x000000451e9fd660
Event: 6.464 Thread 0x0000019320180670 DEOPT UNPACKING pc=0x00000193314e46a2 sp=0x000000451e9fd620 mode 2
Event: 6.468 Thread 0x0000019320180670 DEOPT PACKING pc=0x000001932a2e920b sp=0x000000451e9fd940
Event: 6.468 Thread 0x0000019320180670 DEOPT UNPACKING pc=0x00000193314e4e42 sp=0x000000451e9fce28 mode 0
Event: 7.475 Thread 0x0000019320180670 DEOPT PACKING pc=0x000001932a2e920b sp=0x000000451e9fd940
Event: 7.475 Thread 0x0000019320180670 DEOPT UNPACKING pc=0x00000193314e4e42 sp=0x000000451e9fce28 mode 0

Classes loaded (20 events):
Event: 4.664 Loading class jdk/internal/access/JavaBeansAccess done
Event: 4.664 Loading class java/beans/Introspector$1 done
Event: 4.832 Loading class java/beans/PropertyVetoException
Event: 4.832 Loading class java/beans/PropertyVetoException done
Event: 5.936 Loading class java/lang/UnsupportedClassVersionError
Event: 5.936 Loading class java/lang/ClassFormatError
Event: 5.937 Loading class java/lang/ClassFormatError done
Event: 5.937 Loading class java/lang/UnsupportedClassVersionError done
Event: 6.147 Loading class java/util/Collections$UnmodifiableMap$UnmodifiableEntrySet
Event: 6.147 Loading class java/util/Collections$UnmodifiableMap$UnmodifiableEntrySet done
Event: 6.148 Loading class java/util/Collections$UnmodifiableMap$UnmodifiableEntrySet$1
Event: 6.148 Loading class java/util/Collections$UnmodifiableMap$UnmodifiableEntrySet$1 done
Event: 6.148 Loading class java/util/Collections$UnmodifiableMap$UnmodifiableEntrySet$UnmodifiableEntry
Event: 6.148 Loading class java/util/Collections$UnmodifiableMap$UnmodifiableEntrySet$UnmodifiableEntry done
Event: 6.351 Loading class java/util/stream/Streams$ConcatSpliterator$OfRef
Event: 6.351 Loading class java/util/stream/Streams$ConcatSpliterator
Event: 6.352 Loading class java/util/stream/Streams$ConcatSpliterator done
Event: 6.352 Loading class java/util/stream/Streams$ConcatSpliterator$OfRef done
Event: 6.352 Loading class java/util/stream/Streams$2
Event: 6.352 Loading class java/util/stream/Streams$2 done

Classes unloaded (0 events):
No events

Classes redefined (0 events):
No events

Internal exceptions (20 events):
Event: 2.309 Thread 0x0000019320180670 Exception <a 'java/lang/NoSuchMethodError'{0x00000000a7967e58}: 'java.lang.Object java.lang.invoke.DirectMethodHandle$Holder.newInvokeSpecial(java.lang.Object, long)'> (0x00000000a7967e58) 
thrown [s\open\src\hotspot\share\interpreter\linkResolver.cpp, line 773]
Event: 2.338 Thread 0x0000019320180670 Exception <a 'java/lang/NoSuchMethodError'{0x00000000a79c3c98}: 'void java.lang.invoke.DirectMethodHandle$Holder.invokeVirtual(java.lang.Object, java.lang.Object, java.lang.Object, java.lang.Object)'> (0x00000000a79c3c98) 
thrown [s\open\src\hotspot\share\interpreter\linkResolver.cpp, line 773]
Event: 2.416 Thread 0x0000019320180670 Exception <a 'java/lang/NoSuchMethodError'{0x00000000a78f6dc0}: 'void java.lang.invoke.DirectMethodHandle$Holder.invokeSpecial(java.lang.Object, java.lang.Object, java.lang.Object)'> (0x00000000a78f6dc0) 
thrown [s\open\src\hotspot\share\interpreter\linkResolver.cpp, line 773]
Event: 2.420 Thread 0x0000019320180670 Exception <a 'java/lang/NoSuchMethodError'{0x00000000a7708fc8}: 'java.lang.Object java.lang.invoke.DirectMethodHandle$Holder.invokeVirtual(java.lang.Object, java.lang.Object, java.lang.Object)'> (0x00000000a7708fc8) 
thrown [s\open\src\hotspot\share\interpreter\linkResolver.cpp, line 773]
Event: 2.448 Thread 0x0000019320180670 Exception <a 'java/lang/IncompatibleClassChangeError'{0x00000000a775f1a0}: Found class java.lang.Object, but interface was expected> (0x00000000a775f1a0) 
thrown [s\open\src\hotspot\share\interpreter\linkResolver.cpp, line 840]
Event: 2.458 Thread 0x0000019320180670 Exception <a 'java/lang/NoSuchMethodError'{0x00000000a7797320}: 'java.lang.Object java.lang.invoke.DirectMethodHandle$Holder.invokeStaticInit(java.lang.Object, int)'> (0x00000000a7797320) 
thrown [s\open\src\hotspot\share\interpreter\linkResolver.cpp, line 773]
Event: 2.465 Thread 0x0000019320180670 Exception <a 'java/lang/NoSuchMethodError'{0x00000000a77a14b8}: 'java.lang.Object java.lang.invoke.DirectMethodHandle$Holder.invokeStatic(java.lang.Object, int, java.lang.Object)'> (0x00000000a77a14b8) 
thrown [s\open\src\hotspot\share\interpreter\linkResolver.cpp, line 773]
Event: 2.466 Thread 0x0000019320180670 Exception <a 'java/lang/NoSuchMethodError'{0x00000000a77a4b08}: 'java.lang.Object java.lang.invoke.DirectMethodHandle$Holder.invokeStaticInit(java.lang.Object, int, java.lang.Object)'> (0x00000000a77a4b08) 
thrown [s\open\src\hotspot\share\interpreter\linkResolver.cpp, line 773]
Event: 3.071 Thread 0x0000019320180670 Exception <a 'java/lang/NoSuchMethodError'{0x00000000a7f41510}: 'int java.lang.invoke.DirectMethodHandle$Holder.invokeSpecial(java.lang.Object, java.lang.Object, java.lang.Object, java.lang.Object, java.lang.Object)'> (0x00000000a7f41510) 
thrown [s\open\src\hotspot\share\interpreter\linkResolver.cpp, line 773]
Event: 3.076 Thread 0x0000019320180670 Exception <a 'java/lang/NoSuchMethodError'{0x00000000a7f49688}: 'void java.lang.invoke.DirectMethodHandle$Holder.invokeVirtual(java.lang.Object, java.lang.Object)'> (0x00000000a7f49688) 
thrown [s\open\src\hotspot\share\interpreter\linkResolver.cpp, line 773]
Event: 3.854 Thread 0x0000019384be8020 Exception <a 'java/lang/NoSuchMethodError'{0x00000000a62286b8}: 'long java.lang.invoke.DirectMethodHandle$Holder.invokeSpecial(java.lang.Object, java.lang.Object)'> (0x00000000a62286b8) 
thrown [s\open\src\hotspot\share\interpreter\linkResolver.cpp, line 773]
Event: 3.858 Thread 0x0000019384be8020 Exception <a 'java/lang/NoSuchMethodError'{0x00000000a62a7da8}: 'long java.lang.invoke.DirectMethodHandle$Holder.invokeStatic(java.lang.Object, java.lang.Object)'> (0x00000000a62a7da8) 
thrown [s\open\src\hotspot\share\interpreter\linkResolver.cpp, line 773]
Event: 3.858 Thread 0x0000019384be8020 Exception <a 'java/lang/NoSuchMethodError'{0x00000000a62aae60}: 'long java.lang.invoke.DirectMethodHandle$Holder.invokeStaticInit(java.lang.Object, java.lang.Object)'> (0x00000000a62aae60) 
thrown [s\open\src\hotspot\share\interpreter\linkResolver.cpp, line 773]
Event: 3.862 Thread 0x0000019384be8020 Exception <a 'java/lang/NoSuchMethodError'{0x00000000a62b6cf8}: 'long java.lang.invoke.DirectMethodHandle$Holder.invokeInterface(java.lang.Object, java.lang.Object)'> (0x00000000a62b6cf8) 
thrown [s\open\src\hotspot\share\interpreter\linkResolver.cpp, line 773]
Event: 3.862 Thread 0x0000019384be8020 Exception <a 'java/lang/IncompatibleClassChangeError'{0x00000000a62b9cf8}: Found class java.lang.Object, but interface was expected> (0x00000000a62b9cf8) 
thrown [s\open\src\hotspot\share\interpreter\linkResolver.cpp, line 840]
Event: 3.869 Thread 0x0000019384be8020 Exception <a 'java/lang/NoSuchMethodError'{0x00000000a5e065b0}: 'java.lang.Object java.lang.invoke.DirectMethodHandle$Holder.invokeVirtual(java.lang.Object, java.lang.Object, java.lang.Object, java.lang.Object)'> (0x00000000a5e065b0) 
thrown [s\open\src\hotspot\share\interpreter\linkResolver.cpp, line 773]
Event: 4.142 Thread 0x0000019320180670 Exception <a 'java/lang/IncompatibleClassChangeError'{0x00000000a5502b28}: Found class java.lang.Object, but interface was expected> (0x00000000a5502b28) 
thrown [s\open\src\hotspot\share\interpreter\linkResolver.cpp, line 840]
Event: 4.651 Thread 0x0000019320180670 Exception <a 'java/lang/NoSuchMethodError'{0x00000000a52a5fc8}: 'java.lang.reflect.Field[] java.lang.Class.getDeclaredFields(java.lang.Class)'> (0x00000000a52a5fc8) 
thrown [s\open\src\hotspot\share\interpreter\linkResolver.cpp, line 773]
Event: 4.653 Thread 0x0000019320180670 Exception <a 'java/lang/NoSuchMethodError'{0x00000000a52aa898}: 'java.lang.Object java.lang.invoke.DirectMethodHandle$Holder.invokeStatic(java.lang.Object, java.lang.Object, int)'> (0x00000000a52aa898) 
thrown [s\open\src\hotspot\share\interpreter\linkResolver.cpp, line 773]
Event: 4.654 Thread 0x0000019320180670 Exception <a 'java/lang/NoSuchMethodError'{0x00000000a52b5a18}: 'void java.lang.invoke.DelegatingMethodHandle$Holder.delegate(java.lang.Object, java.lang.Object, int, java.lang.Object)'> (0x00000000a52b5a18) 
thrown [s\open\src\hotspot\share\interpreter\linkResolver.cpp, line 773]

ZGC Phase Switch (0 events):
No events

VM Operations (20 events):
Event: 4.428 Executing VM operation: G1PauseCleanup done
Event: 4.652 Executing VM operation: HandshakeAllThreads (Deoptimize)
Event: 4.652 Executing VM operation: HandshakeAllThreads (Deoptimize) done
Event: 5.326 Executing VM operation: ICBufferFull
Event: 5.326 Executing VM operation: ICBufferFull done
Event: 5.591 Executing VM operation: G1CollectForAllocation (G1 Evacuation Pause)
Event: 5.614 Executing VM operation: G1CollectForAllocation (G1 Evacuation Pause) done
Event: 6.066 Executing VM operation: ICBufferFull
Event: 6.066 Executing VM operation: ICBufferFull done
Event: 6.119 Executing VM operation: HandshakeAllThreads (Deoptimize)
Event: 6.134 Executing VM operation: HandshakeAllThreads (Deoptimize) done
Event: 6.135 Executing VM operation: HandshakeAllThreads (Deoptimize)
Event: 6.135 Executing VM operation: HandshakeAllThreads (Deoptimize) done
Event: 6.148 Executing VM operation: HandshakeAllThreads (Deoptimize)
Event: 6.148 Executing VM operation: HandshakeAllThreads (Deoptimize) done
Event: 6.153 Executing VM operation: HandshakeAllThreads (Deoptimize)
Event: 6.153 Executing VM operation: HandshakeAllThreads (Deoptimize) done
Event: 6.155 Executing VM operation: HandshakeAllThreads (Deoptimize)
Event: 6.155 Executing VM operation: HandshakeAllThreads (Deoptimize) done
Event: 7.156 Executing VM operation: Cleanup

Events (17 events):
Event: 0.059 Thread 0x0000019320180670 Thread added: 0x0000019320180670
Event: 0.093 Thread 0x000001933e5f53c0 Thread added: 0x000001933e5f53c0
Event: 0.093 Thread 0x000001933e5f6020 Thread added: 0x000001933e5f6020
Event: 0.094 Thread 0x000001933e5fbfd0 Thread added: 0x000001933e5fbfd0
Event: 0.094 Thread 0x000001933e5fcec0 Thread added: 0x000001933e5fcec0
Event: 0.094 Thread 0x000001933e5fd920 Thread added: 0x000001933e5fd920
Event: 0.094 Thread 0x000001933e5feb20 Thread added: 0x000001933e5feb20
Event: 0.094 Thread 0x000001933e5ff8b0 Thread added: 0x000001933e5ff8b0
Event: 0.095 Thread 0x000001933e625540 Thread added: 0x000001933e625540
Event: 0.372 Thread 0x000001933e86a530 Thread added: 0x000001933e86a530
Event: 0.823 Thread 0x000001933eb9e240 Thread added: 0x000001933eb9e240
Event: 0.823 Thread 0x000001933ea82be0 Thread added: 0x000001933ea82be0
Event: 2.440 Thread 0x0000019384be8020 Thread added: 0x0000019384be8020
Event: 4.002 Thread 0x0000019384d18600 Thread added: 0x0000019384d18600
Event: 4.079 Thread 0x0000019384d18600 Thread exited: 0x0000019384d18600
Event: 4.104 Thread 0x0000019384be8020 Thread exited: 0x0000019384be8020
Event: 5.675 Thread 0x000001938651f3c0 Thread added: 0x000001938651f3c0


Dynamic libraries:
0x00007ff741aa0000 - 0x00007ff741aae000 	C:\Users\barek\.jdks\openjdk-21.0.1\bin\java.exe
0x00007ff837d40000 - 0x00007ff837fa7000 	C:\WINDOWS\SYSTEM32\ntdll.dll
0x00007ff836e30000 - 0x00007ff836ef9000 	C:\WINDOWS\System32\KERNEL32.DLL
0x00007ff834ab0000 - 0x00007ff834ea1000 	C:\WINDOWS\System32\KERNELBASE.dll
0x00007ff834eb0000 - 0x00007ff834ffb000 	C:\WINDOWS\System32\ucrtbase.dll
0x00007ff82e930000 - 0x00007ff82e948000 	C:\Users\barek\.jdks\openjdk-21.0.1\bin\jli.dll
0x00007ff82d430000 - 0x00007ff82d44b000 	C:\Users\barek\.jdks\openjdk-21.0.1\bin\VCRUNTIME140.dll
0x00007ff837190000 - 0x00007ff837355000 	C:\WINDOWS\System32\USER32.dll
0x00007ff821100000 - 0x00007ff821393000 	C:\WINDOWS\WinSxS\amd64_microsoft.windows.common-controls_6595b64144ccf1df_6.0.26100.8037_none_3e092faae333b53b\COMCTL32.dll
0x00007ff835ab0000 - 0x00007ff835ad7000 	C:\WINDOWS\System32\win32u.dll
0x00007ff835ae0000 - 0x00007ff835b89000 	C:\WINDOWS\System32\msvcrt.dll
0x00007ff8366d0000 - 0x00007ff8366fb000 	C:\WINDOWS\System32\GDI32.dll
0x00007ff8346d0000 - 0x00007ff8347fb000 	C:\WINDOWS\System32\gdi32full.dll
0x00007ff834620000 - 0x00007ff8346c3000 	C:\WINDOWS\System32\msvcp_win.dll
0x00007ff836520000 - 0x00007ff836551000 	C:\WINDOWS\System32\IMM32.DLL
0x00007ff8319b0000 - 0x00007ff8319bc000 	C:\Users\barek\.jdks\openjdk-21.0.1\bin\vcruntime140_1.dll
0x00007ff82bec0000 - 0x00007ff82bf4e000 	C:\Users\barek\.jdks\openjdk-21.0.1\bin\msvcp140.dll
0x00007fffbcd10000 - 0x00007fffbda25000 	C:\Users\barek\.jdks\openjdk-21.0.1\bin\server\jvm.dll
0x00007ff837370000 - 0x00007ff83742b000 	C:\WINDOWS\System32\ADVAPI32.dll
0x00007ff836f00000 - 0x00007ff836fa7000 	C:\WINDOWS\System32\sechost.dll
0x00007ff837b50000 - 0x00007ff837c68000 	C:\WINDOWS\System32\RPCRT4.dll
0x00007ff835b90000 - 0x00007ff835c04000 	C:\WINDOWS\System32\WS2_32.dll
0x00007ff82c640000 - 0x00007ff82c675000 	C:\WINDOWS\SYSTEM32\WINMM.dll
0x00007ff834480000 - 0x00007ff8344de000 	C:\WINDOWS\SYSTEM32\POWRPROF.dll
0x00007ff82c6b0000 - 0x00007ff82c6bb000 	C:\WINDOWS\SYSTEM32\VERSION.dll
0x00007ff834460000 - 0x00007ff834474000 	C:\WINDOWS\SYSTEM32\UMPDC.dll
0x00007ff833310000 - 0x00007ff83332b000 	C:\WINDOWS\SYSTEM32\kernel.appcore.dll
0x00007ff8318b0000 - 0x00007ff8318ba000 	C:\Users\barek\.jdks\openjdk-21.0.1\bin\jimage.dll
0x00007ff832640000 - 0x00007ff832882000 	C:\WINDOWS\SYSTEM32\DBGHELP.DLL
0x00007ff836800000 - 0x00007ff836b82000 	C:\WINDOWS\System32\combase.dll
0x00007ff8365f0000 - 0x00007ff8366c7000 	C:\WINDOWS\System32\OLEAUT32.dll
0x00007ff826160000 - 0x00007ff82619b000 	C:\WINDOWS\SYSTEM32\dbgcore.DLL
0x00007ff834a00000 - 0x00007ff834aa5000 	C:\WINDOWS\System32\bcryptPrimitives.dll
0x00007ff82c950000 - 0x00007ff82c95f000 	C:\Users\barek\.jdks\openjdk-21.0.1\bin\instrument.dll
0x00007ff82cdb0000 - 0x00007ff82cdcf000 	C:\Users\barek\.jdks\openjdk-21.0.1\bin\java.dll
0x00007ff835db0000 - 0x00007ff83650f000 	C:\WINDOWS\System32\SHELL32.dll
0x00007ff834800000 - 0x00007ff83496a000 	C:\WINDOWS\System32\wintypes.dll
0x00007ff835000000 - 0x00007ff835864000 	C:\WINDOWS\System32\windows.storage.dll
0x00007ff837a20000 - 0x00007ff837b17000 	C:\WINDOWS\System32\SHCORE.dll
0x00007ff836780000 - 0x00007ff8367e7000 	C:\WINDOWS\System32\shlwapi.dll
0x00007ff834540000 - 0x00007ff834569000 	C:\WINDOWS\SYSTEM32\profapi.dll
0x00007ff82bde0000 - 0x00007ff82beb7000 	C:\Users\barek\.jdks\openjdk-21.0.1\bin\jsvml.dll
0x00007ff82c900000 - 0x00007ff82c918000 	C:\Users\barek\.jdks\openjdk-21.0.1\bin\zip.dll
0x00007ff82d420000 - 0x00007ff82d430000 	C:\Users\barek\.jdks\openjdk-21.0.1\bin\net.dll
0x00007ff82c510000 - 0x00007ff82c637000 	C:\WINDOWS\SYSTEM32\WINHTTP.dll
0x00007ff833920000 - 0x00007ff83398b000 	C:\WINDOWS\system32\mswsock.dll
0x00007ff82cd90000 - 0x00007ff82cda6000 	C:\Users\barek\.jdks\openjdk-21.0.1\bin\nio.dll
0x00007ff82bda0000 - 0x00007ff82bdba000 	C:\Users\barek\AppData\Local\JetBrains\IntelliJ IDEA Community Edition 2024.3.2\bin\breakgen64.dll
0x00007ff82c8e0000 - 0x00007ff82c8e7000 	C:\Users\barek\.jdks\openjdk-21.0.1\bin\extnet.dll
0x00007ff82c8f0000 - 0x00007ff82c8fe000 	C:\Users\barek\.jdks\openjdk-21.0.1\bin\sunmscapi.dll
0x00007ff835870000 - 0x00007ff8359e7000 	C:\WINDOWS\System32\CRYPT32.dll
0x00007ff833e20000 - 0x00007ff833e50000 	C:\WINDOWS\SYSTEM32\ncrypt.dll
0x00007ff833dd0000 - 0x00007ff833e0f000 	C:\WINDOWS\SYSTEM32\NTASN1.dll

dbghelp: loaded successfully - version: 4.0.5 - missing functions: none
symbol engine: initialized successfully - sym options: 0x614 - pdb path: .;C:\Users\barek\.jdks\openjdk-21.0.1\bin;C:\WINDOWS\SYSTEM32;C:\WINDOWS\WinSxS\amd64_microsoft.windows.common-controls_6595b64144ccf1df_6.0.26100.8037_none_3e092faae333b53b;C:\Users\barek\.jdks\openjdk-21.0.1\bin\server;C:\Users\barek\AppData\Local\JetBrains\IntelliJ IDEA Community Edition 2024.3.2\bin

VM Arguments:
jvm_args: -javaagent:C:\Users\barek\AppData\Local\JetBrains\IntelliJ IDEA Community Edition 2024.3.2\lib\idea_rt.jar=54595:C:\Users\barek\AppData\Local\JetBrains\IntelliJ IDEA Community Edition 2024.3.2\bin -Dfile.encoding=UTF-8 -Dsun.stdout.encoding=UTF-8 -Dsun.stderr.encoding=UTF-8 
java_command: com.macspace.gestiondestock.GestionDeStockApplication
java_class_path (initial): C:\wamp64\www\gestiondestock\target\classes;C:\Users\barek\.m2\repository\org\springframework\boot\spring-boot-starter-web\3.3.1\spring-boot-starter-web-3.3.1.jar;C:\Users\barek\.m2\repository\org\springframework\boot\spring-boot-starter\3.3.1\spring-boot-starter-3.3.1.jar;C:\Users\barek\.m2\repository\org\springframework\boot\spring-boot\3.3.1\spring-boot-3.3.1.jar;C:\Users\barek\.m2\repository\org\springframework\boot\spring-boot-autoconfigure\3.3.1\spring-boot-autoconfigure-3.3.1.jar;C:\Users\barek\.m2\repository\org\springframework\boot\spring-boot-starter-logging\3.3.1\spring-boot-starter-logging-3.3.1.jar;C:\Users\barek\.m2\repository\ch\qos\logback\logback-classic\1.5.6\logback-classic-1.5.6.jar;C:\Users\barek\.m2\repository\ch\qos\logback\logback-core\1.5.6\logback-core-1.5.6.jar;C:\Users\barek\.m2\repository\org\apache\logging\log4j\log4j-to-slf4j\2.23.1\log4j-to-slf4j-2.23.1.jar;C:\Users\barek\.m2\repository\org\apache\logging\log4j\log4j-api\2.23.1\log4j-api-2.23.1.jar;C:\Users\barek\.m2\repository\org\slf4j\jul-to-slf4j\2.0.13\jul-to-slf4j-2.0.13.jar;C:\Users\barek\.m2\repository\jakarta\annotation\jakarta.annotation-api\2.1.1\jakarta.annotation-api-2.1.1.jar;C:\Users\barek\.m2\repository\org\yaml\snakeyaml\2.2\snakeyaml-2.2.jar;C:\Users\barek\.m2\repository\org\springframework\boot\spring-boot-starter-json\3.3.1\spring-boot-starter-json-3.3.1.jar;C:\Users\barek\.m2\repository\com\fasterxml\jackson\datatype\jackson-datatype-jdk8\2.17.1\jackson-datatype-jdk8-2.17.1.jar;C:\Users\barek\.m2\repository\com\fasterxml\jackson\datatype\jackson-datatype-jsr310\2.17.1\jackson-datatype-jsr310-2.17.1.jar;C:\Users\barek\.m2\repository\com\fasterxml\jackson\module\jackson-module-parameter-names\2.17.1\jackson-module-parameter-names-2.17.1.jar;C:\Users\barek\.m2\repository\org\springframework\boot\spring-boot-starter-tomcat\3.3.1\spring-boot-starter-tomcat-3.3.1.jar;C:\Users\barek\.m2\repository\org\apache\tomcat\embed\tomcat-embed-core\10.1.25\tomcat-embed-core-10.1.25.jar;C:\Users\barek\.m2\repository\org\apache\tomcat\embed\tomcat-embed-websocket\10.1.25\tomcat-embed-websocket-10.1.25.jar;C:\Users\barek\.m2\repository\org\springframework\spring-web\6.1.10\spring-web-6.1.10.jar;C:\Users\barek\.m2\repository\org\springframework\spring-beans\6.1.10\spring-beans-6.1.10.jar;C:\Users\barek\.m2\repository\io\micrometer\micrometer-observation\1.13.1\micrometer-observation-1.13.1.jar;C:\Users\barek\.m2\repository\io\micrometer\micrometer-commons\1.13.1\micrometer-commons-1.13.1.jar;C:\Users\barek\.m2\repository\org\springframework\spring-webmvc\6.1.10\spring-webmvc-6.1.10.jar;C:\Users\barek\.m2\repository\org\springframework\spring-context\6.1.10\spring-context-6.1.10.jar;C:\Users\barek\.m2\repository\org\springframework\spring-expression\6.1.10\spring-expression-6.1.10.jar;C:\Users\barek\.m2\repository\org\springframework\boot\spring-boot-starter-data-jpa\3.3.1\spring-boot-starter-data-jpa-3.3.1.jar;C:\Users\barek\.m2\repository\org\springframework\boot\spring-boot-starter-aop\3.3.1\spring-boot-starter-aop-3.3.1.jar;C:\Users\barek\.m2\repository\org\aspectj\aspectjweaver\1.9.22\aspectjweaver-1.9.22.jar;C:\Users\barek\.m2\repository\org\springframework\boot\spring-boot-starter-jdbc\3.3.1\spring-boot-starter-jdbc-3.3.1.jar;C:\Users\barek\.m2\repository\com\zaxxer\HikariCP\5.1.0\HikariCP-5.1.0.jar;C:\Users\barek\.m2\repository\org\springframework\spring-jdbc\6.1.10\spring-jdbc-6.1.10.jar;C:\Users\barek\.m2\repository\org\hibernate\orm\hibernate-core\6.5.2.Final\hibernate-core-6.5.2.Final.jar;C:\Users\barek\.m2\repository\jakarta\persistence\jakarta.persistence-api\3.1.0\jakarta.persistence-api-3.1.0.jar;C:\Users\barek\.m2\repository\jakarta\transaction\jakarta.transaction-api\2.0.1\jakarta.transaction-api-2.0.1.jar;C:\Users\barek\.m2\repository\org\jboss\logging\jboss-logging\3.5.3.Final\jboss-logging-3.5.3.Final.jar;C:\Users\barek\.m2\repository\org\hibernate\common\hibernate-commons-annotations\6.0.6.Final\hibernate-commons-annotations-6.0.6.Final.jar;C:\Users\barek\.m2\repository\io\smallrye\jandex\3.1.2\jandex-3.1.2.jar;C:\Users\barek\.m2\repository\com\fasterxml\classmate\1.7.0\classmate-1.7.0.jar;C:\Users\barek\.m2\repository\net\bytebuddy\byte-buddy\1.14.17\byte-buddy-1.14.17.jar;C:\Users\barek\.m2\repository\org\glassfish\jaxb\jaxb-runtime\4.0.5\jaxb-runtime-4.0.5.jar;C:\Users\barek\.m2\repository\org\glassfish\jaxb\jaxb-core\4.0.5\jaxb-core-4.0.5.jar;C:\Users\barek\.m2\repository\org\eclipse\angus\angus-activation\2.0.2\angus-activation-2.0.2.jar;C:\Users\barek\.m2\repository\org\glassfish\jaxb\txw2\4.0.5\txw2-4.0.5.jar;C:\Users\barek\.m2\repository\com\sun\istack\istack-commons-runtime\4.1.2\istack-commons-runtime-4.1.2.jar;C:\Users\barek\.m2\repository\jakarta\inject\jakarta.inject-api\2.0.1\jakarta.inject-api-2.0.1.jar;C:\Users\barek\.m2\repository\org\antlr\antlr4-runtime\4.13.0\antlr4-runtime-4.13.0.jar;C:\Users\barek\.m2\repository\org\springframework\data\spring-data-jpa\3.3.1\spring-data-jpa-3.3.1.jar;C:\Users\barek\.m2\repository\org\springframework\data\spring-data-commons\3.3.1\spring-data-commons-3.3.1.jar;C:\Users\barek\.m2\repository\org\springframework\spring-orm\6.1.10\spring-orm-6.1.10.jar;C:\Users\barek\.m2\repository\org\springframework\spring-tx\6.1.10\spring-tx-6.1.10.jar;C:\Users\barek\.m2\repository\org\springframework\spring-aspects\6.1.10\spring-aspects-6.1.10.jar;C:\Users\barek\.m2\repository\com\mysql\mysql-connector-j\8.3.0\mysql-connector-j-8.3.0.jar;C:\Users\barek\.m2\repository\org\springframework\boot\spring-boot-starter-security\3.3.1\spring-boot-starter-security-3.3.1.jar;C:\Users\barek\.m2\repository\org\springframework\spring-aop\6.1.10\spring-aop-6.1.10.jar;C:\Users\barek\.m2\repository\org\springframework\security\spring-security-config\6.3.1\spring-security-config-6.3.1.jar;C:\Users\barek\.m2\repository\org\springframework\security\spring-security-web\6.3.1\spring-security-web-6.3.1.jar;C:\Users\barek\.m2\repository\io\jsonwebtoken\jjwt\0.12.5\jjwt-0.12.5.jar;C:\Users\barek\.m2\repository\io\jsonwebtoken\jjwt-api\0.12.5\jjwt-api-0.12.5.jar;C:\Users\barek\.m2\repository\io\jsonwebtoken\jjwt-impl\0.12.5\jjwt-impl-0.12.5.jar;C:\Users\barek\.m2\repository\io\jsonwebtoken\jjwt-jackson\0.12.5\jjwt-jackson-0.12.5.jar;C:\Users\barek\.m2\repository\com\fasterxml\jackson\core\jackson-databind\2.17.1\jackson-databind-2.17.1.jar;C:\Users\barek\.m2\repository\com\fasterxml\jackson\core\jackson-annotations\2.17.1\jackson-annotations-2.17.1.jar;C:\Users\barek\.m2\repository\com\fasterxml\jackson\core\jackson-core\2.17.1\jackson-core-2.17.1.jar;C:\Users\barek\.m2\repository\org\springdoc\springdoc-openapi-starter-webmvc-ui\2.5.0\springdoc-openapi-starter-webmvc-ui-2.5.0.jar;C:\Users\barek\.m2\repository\org\springdoc\springdoc-openapi-starter-webmvc-api\2.5.0\springdoc-openapi-starter-webmvc-api-2.5.0.jar;C:\Users\barek\.m2\repository\org\springdoc\springdoc-openapi-starter-common\2.5.0\springdoc-openapi-starter-common-2.5.0.jar;C:\Users\barek\.m2\repository\io\swagger\core\v3\swagger-core-jakarta\2.2.21\swagger-core-jakarta-2.2.21.jar;C:\Users\barek\.m2\repository\org\apache\commons\commons-lang3\3.14.0\commons-lang3-3.14.0.jar;C:\Users\barek\.m2\repository\io\swagger\core\v3\swagger-annotations-jakarta\2.2.21\swagger-annotations-jakarta-2.2.21.jar;C:\Users\barek\.m2\repository\io\swagger\core\v3\swagger-models-jakarta\2.2.21\swagger-models-jakarta-2.2.21.jar;C:\Users\barek\.m2\repository\com\fasterxml\jackson\dataformat\jackson-dataformat-yaml\2.17.1\jackson-dataformat-yaml-2.17.1.jar;C:\Users\barek\.m2\repository\org\webjars\swagger-ui\5.13.0\swagger-ui-5.13.0.jar;C:\Users\barek\.m2\repository\com\flickr4java\flickr4java\3.0.9\flickr4java-3.0.9.jar;C:\Users\barek\.m2\repository\com\github\scribejava\scribejava-apis\8.3.3\scribejava-apis-8.3.3.jar;C:\Users\barek\.m2\repository\com\github\scribejava\scribejava-core\8.3.3\scribejava-core-8.3.3.jar;C:\Users\barek\.m2\repository\com\github\scribejava\scribejava-java8\8.3.3\scribejava-java8-8.3.3.jar;C:\Users\barek\.m2\repository\org\slf4j\slf4j-api\2.0.13\slf4j-api-2.0.13.jar;C:\Users\barek\.m2\repository\org\projectlombok\lombok\1.18.32\lombok-1.18.32.jar;C:\Users\barek\.m2\repository\org\springframework\boot\spring-boot-starter-validation\3.3.1\spring-boot-starter-validation-3.3.1.jar;C:\Users\barek\.m2\repository\org\apache\tomcat\embed\tomcat-embed-el\10.1.25\tomcat-embed-el-10.1.25.jar;C:\Users\barek\.m2\repository\org\hibernate\validator\hibernate-validator\8.0.1.Final\hibernate-validator-8.0.1.Final.jar;C:\Users\barek\.m2\repository\jakarta\validation\jakarta.validation-api\3.0.2\jakarta.validation-api-3.0.2.jar;C:\Users\barek\.m2\repository\jakarta\xml\bind\jakarta.xml.bind-api\4.0.2\jakarta.xml.bind-api-4.0.2.jar;C:\Users\barek\.m2\repository\jakarta\activation\jakarta.activation-api\2.1.3\jakarta.activation-api-2.1.3.jar;C:\Users\barek\.m2\repository\org\springframework\spring-core\6.1.10\spring-core-6.1.10.jar;C:\Users\barek\.m2\repository\org\springframework\spring-jcl\6.1.10\spring-jcl-6.1.10.jar;C:\Users\barek\.m2\repository\org\springframework\security\spring-security-core\6.3.1\spring-security-core-6.3.1.jar;C:\Users\barek\.m2\repository\org\springframework\security\spring-security-crypto\6.3.1\spring-security-crypto-6.3.1.jar
Launcher Type: SUN_STANDARD

[Global flags]
     intx CICompilerCount                          = 4                                         {product} {ergonomic}
     uint ConcGCThreads                            = 3                                         {product} {ergonomic}
     uint G1ConcRefinementThreads                  = 10                                        {product} {ergonomic}
   size_t G1HeapRegionSize                         = 1048576                                   {product} {ergonomic}
    uintx GCDrainStackTargetSize                   = 64                                        {product} {ergonomic}
   size_t InitialHeapSize                          = 98566144                                  {product} {ergonomic}
   size_t MarkStackSize                            = 4194304                                   {product} {ergonomic}
   size_t MaxHeapSize                              = 1574961152                                {product} {ergonomic}
   size_t MaxNewSize                               = 944766976                                 {product} {ergonomic}
   size_t MinHeapDeltaBytes                        = 1048576                                   {product} {ergonomic}
   size_t MinHeapSize                              = 8388608                                   {product} {ergonomic}
    uintx NonNMethodCodeHeapSize                   = 5839372                                {pd product} {ergonomic}
    uintx NonProfiledCodeHeapSize                  = 122909434                              {pd product} {ergonomic}
    uintx ProfiledCodeHeapSize                     = 122909434                              {pd product} {ergonomic}
    uintx ReservedCodeCacheSize                    = 251658240                              {pd product} {ergonomic}
     bool SegmentedCodeCache                       = true                                      {product} {ergonomic}
   size_t SoftMaxHeapSize                          = 1574961152                             {manageable} {ergonomic}
     bool UseCompressedOops                        = true                           {product lp64_product} {ergonomic}
     bool UseG1GC                                  = true                                      {product} {ergonomic}
     bool UseLargePagesIndividualAllocation        = false                                  {pd product} {ergonomic}

Logging:
Log output configuration:
 #0: stdout all=warning uptime,level,tags foldmultilines=false
 #1: stderr all=off uptime,level,tags foldmultilines=false

Environment Variables:
PATH=C:\Program Files\Common Files\Oracle\Java\javapath;C:\WINDOWS\system32;C:\WINDOWS;C:\WINDOWS\System32\Wbem;C:\WINDOWS\System32\WindowsPowerShell\v1.0\;C:\WINDOWS\System32\OpenSSH\;C:\Program Files\Microsoft VS Code\bin;C:\Program Files\Git\cmd;C:\Program Files\Microsoft SQL Server\150\Tools\Binn\;C:\Program Files\Microsoft SQL Server\Client SDK\ODBC\170\Tools\Binn\;C:\Program Files (x86)\Microsoft SQL Server\160\Tools\Binn\;C:\Program Files\Microsoft SQL Server\160\Tools\Binn\;C:\Program Files\Microsoft SQL Server\160\DTS\Binn\;C:\Program Files (x86)\Microsoft SQL Server\160\DTS\Binn\;C:\Program Files\Azure Data Studio\bin;C:\Users\barek\AppData\Roaming\nvm;C:\Program Files\nodejs;C:\Program Files\Docker\Docker\resources\bin;C:\Program Files\dotnet\;C:\wamp64\bin\php\php7.4.33;C:\ProgramData\ComposerSetup\bin;C:\ProgramData\ComposerSetup\bin;C:\wamp64\bin\php\php7.4.33;C:\Users\barek\AppData\Local\Programs\Python\Python313\Scripts\;C:\Users\barek\AppData\Local\Programs\Python\Python313\;C:\Users\barek\AppData\Local\Programs\Python\Launcher\;C:\Users\barek\AppData\Local\Microsoft\WindowsApps;C:\Program Files\Azure Data Studio\bin;C:\Users\barek\AppData\Roaming\nvm;C:\Program Files\nodejs;C:\Users\barek\.dotnet\tools;C:\Users\barek\AppData\Roaming\Composer\vendor\bin;C:\ProgramData\ComposerSetup\bin;
USERNAME=barek
OS=Windows_NT
PROCESSOR_IDENTIFIER=AMD64 Family 23 Model 104 Stepping 1, AuthenticAMD
TMP=C:\Users\barek\AppData\Local\Temp
TEMP=C:\Users\barek\AppData\Local\Temp




Periodic native trim disabled

---------------  S Y S T E M  ---------------

OS:
 Windows 11 , 64 bit Build 26100 (10.0.26100.7920)
OS uptime: 13 days 12:45 hours
Hyper-V role detected

CPU: total 12 (initial active 12) (12 cores per cpu, 2 threads per core) family 23 model 104 stepping 1 microcode 0x8608103, cx8, cmov, fxsr, ht, mmx, 3dnowpref, sse, sse2, sse3, ssse3, sse4a, sse4.1, sse4.2, popcnt, lzcnt, tsc, tscinvbit, avx, avx2, aes, clmul, bmi1, bmi2, adx, sha, fma, vzeroupper, clflush, clflushopt, hv, rdtscp, rdpid, f16c
Processor Information for processor 0
  Max Mhz: 2100, Current Mhz: 1893, Mhz Limit: 2100
Processor Information for processor 1
  Max Mhz: 2100, Current Mhz: 1893, Mhz Limit: 2100
Processor Information for processor 2
  Max Mhz: 2100, Current Mhz: 1893, Mhz Limit: 2100
Processor Information for processor 3
  Max Mhz: 2100, Current Mhz: 1893, Mhz Limit: 2100
Processor Information for processor 4
  Max Mhz: 2100, Current Mhz: 1893, Mhz Limit: 2100
Processor Information for processor 5
  Max Mhz: 2100, Current Mhz: 1893, Mhz Limit: 2100
Processor Information for processor 6
  Max Mhz: 2100, Current Mhz: 1893, Mhz Limit: 2100
Processor Information for processor 7
  Max Mhz: 2100, Current Mhz: 1893, Mhz Limit: 2100
Processor Information for processor 8
  Max Mhz: 2100, Current Mhz: 1813, Mhz Limit: 2100
Processor Information for processor 9
  Max Mhz: 2100, Current Mhz: 1813, Mhz Limit: 2100
Processor Information for processor 10
  Max Mhz: 2100, Current Mhz: 1813, Mhz Limit: 2100
Processor Information for processor 11
  Max Mhz: 2100, Current Mhz: 1813, Mhz Limit: 2100

Memory: 4k page, system-wide physical 6005M (446M free)
TotalPageFile size 24437M (AvailPageFile size 2M)
current process WorkingSet (physical memory assigned to process): 157M, peak: 163M
current process commit charge ("private bytes"): 203M, peak: 242M

vm_info: OpenJDK 64-Bit Server VM (21.0.1+12-29) for windows-amd64 JRE (21.0.1+12-29), built on 2023-10-05T13:27:09Z by "mach5one" with MS VC++ 17.1 (VS2022)

END.
