#
# There is insufficient memory for the Java Runtime Environment to continue.
# Native memory allocation (malloc) failed to allocate 1619392 bytes for Chunk::new
# Possible reasons:
#   The system is out of physical RAM or swap space
#   The process is running with CompressedOops enabled, and the Java Heap may be blocking the growth of the native heap
# Possible solutions:
#   Reduce memory load on the system
#   Increase physical memory or swap space
#   Check if swap backing store is full
#   Decrease Java heap size (-Xmx/-Xms)
#   Decrease number of Java threads
#   Decrease Java thread stack sizes (-Xss)
#   Set larger code cache with -XX:ReservedCodeCacheSize=
#   JVM is running with Unscaled Compressed Oops mode in which the Java heap is
#     placed in the first 4GB address space. The Java Heap base address is the
#     maximum limit for the native heap growth. Please use -XX:HeapBaseMinAddress
#     to set the Java Heap base and to place the Java Heap above 4GB virtual address.
# This output file may be truncated or incomplete.
#
#  Out of Memory Error (arena.cpp:168), pid=13340, tid=2684
#
# JRE version: OpenJDK Runtime Environment (21.0.1+12) (build 21.0.1+12-29)
# Java VM: OpenJDK 64-Bit Server VM (21.0.1+12-29, mixed mode, sharing, tiered, compressed oops, compressed class ptrs, g1 gc, windows-amd64)
# No core dump will be written. Minidumps are not enabled by default on client versions of Windows
#

---------------  S U M M A R Y ------------

Command Line: -javaagent:C:\Users\barek\AppData\Local\JetBrains\IntelliJ IDEA Community Edition 2024.3.2\lib\idea_rt.jar=54095:C:\Users\barek\AppData\Local\JetBrains\IntelliJ IDEA Community Edition 2024.3.2\bin -Dfile.encoding=UTF-8 -Dsun.stdout.encoding=UTF-8 -Dsun.stderr.encoding=UTF-8 com.macspace.gestiondestock.GestionDeStockApplication

Host: AMD Ryzen 5 5500U with Radeon Graphics         , 12 cores, 5G,  Windows 11 , 64 bit Build 26100 (10.0.26100.7920)
Time: Mon Mar 30 12:51:31 2026 Paris, Madrid (heure duild 26100 (10.0.26100.7920) elapsed time: 226.152795 seconds (0d 0h 3m 46s)

---------------  T H R E A D  ---------------

Current thread (0x00000222fc4f2840):  JavaThread "C2 CompilerThread0" daemon [_thread_in_native, id=2684, stack(0x0000002d2f000000,0x0000002d2f100000) (1024K)]


Current CompileTask:
C2: 226153 12116       4       org.springframework.core.SerializableTypeWrapper$MethodParameterTypeProvider::getType (8 bytes)

Stack: [0x0000002d2f000000,0x0000002d2f100000]
Native frames: (J=compiled Java code, j=interpreted, Vv=VM code, C=native code)
V  [jvm.dll+0x6c9029]
V  [jvm.dll+0x854b81]
V  [jvm.dll+0x856e5e]
V  [jvm.dll+0x857543]
V  [jvm.dll+0x280c06]
V  [jvm.dll+0xc3ead]
V  [jvm.dll+0xc43c3]
V  [jvm.dll+0x3b576c]
V  [jvm.dll+0x382475]
V  [jvm.dll+0x3818ea]
V  [jvm.dll+0x249ad0]
V  [jvm.dll+0x2490b1]
V  [jvm.dll+0x1c9ca1]
V  [jvm.dll+0x2586b9]
V  [jvm.dll+0x256c9a]
V  [jvm.dll+0x3ef1b6]
V  [jvm.dll+0x7fd728]
V  [jvm.dll+0x6c777d]
C  [ucrtbase.dll+0x37b0]
C  [KERNEL32.DLL+0x2e8d7]
C  [ntdll.dll+0x8c48c]


---------------  P R O C E S S  ---------------

Threads class SMR info:
_java_thread_list=0x00000222c6bdcb40, length=34, elements={
0x00000222fc4e4e70, 0x00000222fc4e59d0, 0x00000222fc4ec560, 0x00000222fc4ef230,
0x00000222fc4f0dd0, 0x00000222fc4f1ab0, 0x00000222fc4f2840, 0x00000222fc4fd300,
0x00000222fc72dc10, 0x00000222fcc5ecc0, 0x00000222fcc5f330, 0x00000222ff3141c0,
0x00000222ff313b30, 0x00000222ff315570, 0x00000222ff312780, 0x00000222ff314850,
0x00000222c6701ea0, 0x00000222c6702bc0, 0x00000222c6700af0, 0x00000222c6700460,
0x00000222c6703250, 0x00000222c66ffdd0, 0x00000222c67038e0, 0x00000222c6703f70,
0x00000222c6704600, 0x00000222c6701180, 0x00000222c6706040, 0x00000222c6704c90,
0x00000222c6705320, 0x00000222c67059b0, 0x00000222c67066d0, 0x00000222c6706d60,
0x00000222c67073f0, 0x00000222fd26a850
}

Java Threads: ( => current thread )
  0x00000222fc4e4e70 JavaThread "Reference Handler"          daemon [_thread_blocked, id=19152, stack(0x0000002d2ea00000,0x0000002d2eb00000) (1024K)]
  0x00000222fc4e59d0 JavaThread "Finalizer"                  daemon [_thread_blocked, id=24676, stack(0x0000002d2eb00000,0x0000002d2ec00000) (1024K)]
  0x00000222fc4ec560 JavaThread "Signal Dispatcher"          daemon [_thread_blocked, id=26132, stack(0x0000002d2ec00000,0x0000002d2ed00000) (1024K)]
  0x00000222fc4ef230 JavaThread "Attach Listener"            daemon [_thread_blocked, id=14888, stack(0x0000002d2ed00000,0x0000002d2ee00000) (1024K)]
  0x00000222fc4f0dd0 JavaThread "Service Thread"             daemon [_thread_blocked, id=29468, stack(0x0000002d2ee00000,0x0000002d2ef00000) (1024K)]
  0x00000222fc4f1ab0 JavaThread "Monitor Deflation Thread"   daemon [_thread_blocked, id=20800, stack(0x0000002d2ef00000,0x0000002d2f000000) (1024K)]
=>0x00000222fc4f2840 JavaThread "C2 CompilerThread0"         daemon [_thread_in_native, id=2684, stack(0x0000002d2f000000,0x0000002d2f100000) (1024K)]
  0x00000222fc4fd300 JavaThread "C1 CompilerThread0"         daemon [_thread_blocked, id=21808, stack(0x0000002d2f100000,0x0000002d2f200000) (1024K)]
  0x00000222fc72dc10 JavaThread "Common-Cleaner"             daemon [_thread_blocked, id=18928, stack(0x0000002d2f200000,0x0000002d2f300000) (1024K)]
  0x00000222fcc5ecc0 JavaThread "Monitor Ctrl-Break"         daemon [_thread_in_native, id=9344, stack(0x0000002d2f400000,0x0000002d2f500000) (1024K)]
  0x00000222fcc5f330 JavaThread "Notification Thread"        daemon [_thread_blocked, id=17536, stack(0x0000002d2f500000,0x0000002d2f600000) (1024K)]
  0x00000222ff3141c0 JavaThread "mysql-cj-abandoned-connection-cleanup" daemon [_thread_blocked, id=15396, stack(0x0000002d30100000,0x0000002d30200000) (1024K)]
  0x00000222ff313b30 JavaThread "HikariPool-1 housekeeper"   daemon [_thread_blocked, id=8424, stack(0x0000002d30300000,0x0000002d30400000) (1024K)]
  0x00000222ff315570 JavaThread "Catalina-utility-1"                [_thread_blocked, id=24372, stack(0x0000002d2f300000,0x0000002d2f400000) (1024K)]
  0x00000222ff312780 JavaThread "Catalina-utility-2"                [_thread_blocked, id=27108, stack(0x0000002d30400000,0x0000002d30500000) (1024K)]
  0x00000222ff314850 JavaThread "container-0"                       [_thread_blocked, id=27996, stack(0x0000002d30500000,0x0000002d30600000) (1024K)]
  0x00000222c6701ea0 JavaThread "http-nio-8080-exec-1"       daemon [_thread_in_vm, id=8744, stack(0x0000002d30600000,0x0000002d30700000) (1024K)]
  0x00000222c6702bc0 JavaThread "http-nio-8080-exec-2"       daemon [_thread_blocked, id=26860, stack(0x0000002d30700000,0x0000002d30800000) (1024K)]
  0x00000222c6700af0 JavaThread "http-nio-8080-exec-3"       daemon [_thread_blocked, id=23040, stack(0x0000002d30800000,0x0000002d30900000) (1024K)]
  0x00000222c6700460 JavaThread "http-nio-8080-exec-4"       daemon [_thread_blocked, id=15068, stack(0x0000002d30900000,0x0000002d30a00000) (1024K)]
  0x00000222c6703250 JavaThread "http-nio-8080-exec-5"       daemon [_thread_blocked, id=28500, stack(0x0000002d30a00000,0x0000002d30b00000) (1024K)]
  0x00000222c66ffdd0 JavaThread "http-nio-8080-exec-6"       daemon [_thread_blocked, id=27792, stack(0x0000002d30b00000,0x0000002d30c00000) (1024K)]
  0x00000222c67038e0 JavaThread "http-nio-8080-exec-7"       daemon [_thread_blocked, id=31436, stack(0x0000002d30c00000,0x0000002d30d00000) (1024K)]
  0x00000222c6703f70 JavaThread "http-nio-8080-exec-8"       daemon [_thread_blocked, id=5232, stack(0x0000002d30d00000,0x0000002d30e00000) (1024K)]
  0x00000222c6704600 JavaThread "http-nio-8080-exec-9"       daemon [_thread_blocked, id=17356, stack(0x0000002d30e00000,0x0000002d30f00000) (1024K)]
  0x00000222c6701180 JavaThread "http-nio-8080-exec-10"      daemon [_thread_in_vm, id=25384, stack(0x0000002d30f00000,0x0000002d31000000) (1024K)]
  0x00000222c6706040 JavaThread "http-nio-8080-Poller"       daemon [_thread_in_native, id=4900, stack(0x0000002d31000000,0x0000002d31100000) (1024K)]
  0x00000222c6704c90 JavaThread "http-nio-8080-Acceptor"     daemon [_thread_in_native, id=28960, stack(0x0000002d31100000,0x0000002d31200000) (1024K)]
  0x00000222c6705320 JavaThread "DestroyJavaVM"                     [_thread_blocked, id=17488, stack(0x0000002d2e200000,0x0000002d2e300000) (1024K)]
  0x00000222c67059b0 JavaThread "ForkJoinPool.commonPool-worker-1" daemon [_thread_blocked, id=29848, stack(0x0000002d2df00000,0x0000002d2e000000) (1024K)]
  0x00000222c67066d0 JavaThread "ForkJoinPool.commonPool-worker-2" daemon [_thread_blocked, id=27628, stack(0x0000002d2e000000,0x0000002d2e100000) (1024K)]
  0x00000222c6706d60 JavaThread "ForkJoinPool.commonPool-worker-4" daemon [_thread_blocked, id=11832, stack(0x0000002d2e100000,0x0000002d2e200000) (1024K)]
  0x00000222c67073f0 JavaThread "ForkJoinPool.commonPool-worker-3" daemon [_thread_blocked, id=19660, stack(0x0000002d31200000,0x0000002d31300000) (1024K)]
  0x00000222fd26a850 JavaThread "ForkJoinPool.commonPool-worker-5" daemon [_thread_blocked, id=19672, stack(0x0000002d31300000,0x0000002d31400000) (1024K)]
Total: 34

Other Threads:
  0x00000222fc4c57a0 VMThread "VM Thread"                           [id=9816, stack(0x0000002d2e900000,0x0000002d2ea00000) (1024K)]
  0x00000222fc4afc30 WatcherThread "VM Periodic Task Thread"        [id=5492, stack(0x0000002d2e800000,0x0000002d2e900000) (1024K)]
  0x00000222e01ed140 WorkerThread "GC Thread#0"                     [id=25932, stack(0x0000002d2e300000,0x0000002d2e400000) (1024K)]
  0x00000222fce82030 WorkerThread "GC Thread#1"                     [id=8124, stack(0x0000002d2f600000,0x0000002d2f700000) (1024K)]
  0x00000222fd200a60 WorkerThread "GC Thread#2"                     [id=11308, stack(0x0000002d2f700000,0x0000002d2f800000) (1024K)]
  0x00000222fce44530 WorkerThread "GC Thread#3"                     [id=7128, stack(0x0000002d2f800000,0x0000002d2f900000) (1024K)]
  0x00000222fd54e590 WorkerThread "GC Thread#4"                     [id=21984, stack(0x0000002d2f900000,0x0000002d2fa00000) (1024K)]
  0x00000222fd52ade0 WorkerThread "GC Thread#5"                     [id=13880, stack(0x0000002d2fa00000,0x0000002d2fb00000) (1024K)]
  0x00000222fd73ddc0 WorkerThread "GC Thread#6"                     [id=9600, stack(0x0000002d2fc00000,0x0000002d2fd00000) (1024K)]
  0x00000222fd760030 WorkerThread "GC Thread#7"                     [id=17936, stack(0x0000002d2fd00000,0x0000002d2fe00000) (1024K)]
  0x00000222fd760f00 WorkerThread "GC Thread#8"                     [id=15624, stack(0x0000002d2fe00000,0x0000002d2ff00000) (1024K)]
  0x00000222fd761d80 WorkerThread "GC Thread#9"                     [id=29584, stack(0x0000002d2fb00000,0x0000002d2fc00000) (1024K)]
  0x00000222e01f9ce0 ConcurrentGCThread "G1 Main Marker"            [id=8828, stack(0x0000002d2e400000,0x0000002d2e500000) (1024K)]
  0x00000222e01fb660 WorkerThread "G1 Conc#0"                       [id=24588, stack(0x0000002d2e500000,0x0000002d2e600000) (1024K)]
  0x00000222fd761640 WorkerThread "G1 Conc#1"                       [id=25444, stack(0x0000002d2ff00000,0x0000002d30000000) (1024K)]
  0x00000222fd7607c0 WorkerThread "G1 Conc#2"                       [id=24972, stack(0x0000002d30000000,0x0000002d30100000) (1024K)]
  0x00000222fc3834e0 ConcurrentGCThread "G1 Refine#0"               [id=10896, stack(0x0000002d2e600000,0x0000002d2e700000) (1024K)]
  0x00000222e025c080 ConcurrentGCThread "G1 Service"                [id=1072, stack(0x0000002d2e700000,0x0000002d2e800000) (1024K)]
Total: 18

Threads with active compile tasks:
C2 CompilerThread0   226224 12116       4       org.springframework.core.SerializableTypeWrapper$MethodParameterTypeProvider::getType (8 bytes)
C1 CompilerThread0   226224 12170       3       org.hibernate.internal.AbstractSharedSessionContract::checkOpen (38 bytes)
Total: 2

VM state: not at safepoint (normal execution)

VM Mutex/Monitor currently owned by a thread: None

Heap address: 0x00000000a2200000, size: 1502 MB, Compressed Oops mode: 32-bit

CDS archive(s) mapped at: [0x0000022280000000-0x0000022280c90000-0x0000022280c90000), size 13172736, SharedBaseAddress: 0x0000022280000000, ArchiveRelocationMode: 1.
Compressed class space mapped at: 0x0000022281000000-0x00000222c1000000, reserved size: 1073741824
Narrow klass base: 0x0000022280000000, Narrow klass shift: 0, Narrow klass range: 0x100000000

GC Precious Log:
 CardTable entry size: 512
 Card Set container configuration: InlinePtr #cards 5 size 8 Array Of Cards #cards 12 size 40 Howl #buckets 4 coarsen threshold 1843 Howl Bitmap #cards 512 size 80 coarsen threshold 460 Card regions per heap region 1 cards per card region 2048
 CPUs: 12 total, 12 available
 Memory: 6005M
 Large Page Support: Disabled
 NUMA Support: Disabled
 Compressed Oops: Enabled (32-bit)
 Heap Region Size: 1M
 Heap Min Capacity: 8M
 Heap Initial Capacity: 94M
 Heap Max Capacity: 1502M
 Pre-touch: Disabled
 Parallel Workers: 10
 Concurrent Workers: 3
 Concurrent Refinement Workers: 10
 Periodic GC: Disabled

Heap:
 garbage-first heap   total 104448K, used 72040K [0x00000000a2200000, 0x0000000100000000)
  region size 1024K, 29 young (29696K), 3 survivors (3072K)
 Metaspace       used 87761K, committed 88704K, reserved 1179648K
  class space    used 11785K, committed 12224K, reserved 1048576K

Heap Regions: E=young(eden), S=young(survivor), O=old, HS=humongous(starts), HC=humongous(continues), CS=collection set, F=free, TAMS=top-at-mark-start, PB=parsable bottom
|   0|0x00000000a2200000, 0x00000000a2300000, 0x00000000a2300000|100%|HS|  |TAMS 0x00000000a2200000| PB 0x00000000a2200000| Complete 
|   1|0x00000000a2300000, 0x00000000a2400000, 0x00000000a2400000|100%| O|  |TAMS 0x00000000a2300000| PB 0x00000000a2300000| Untracked 
|   2|0x00000000a2400000, 0x00000000a2500000, 0x00000000a2500000|100%| O|  |TAMS 0x00000000a2400000| PB 0x00000000a2400000| Untracked 
|   3|0x00000000a2500000, 0x00000000a2600000, 0x00000000a2600000|100%| O|  |TAMS 0x00000000a2500000| PB 0x00000000a2500000| Untracked 
|   4|0x00000000a2600000, 0x00000000a2700000, 0x00000000a2700000|100%| O|  |TAMS 0x00000000a2600000| PB 0x00000000a2600000| Untracked 
|   5|0x00000000a2700000, 0x00000000a2800000, 0x00000000a2800000|100%| O|  |TAMS 0x00000000a2700000| PB 0x00000000a2700000| Untracked 
|   6|0x00000000a2800000, 0x00000000a2900000, 0x00000000a2900000|100%| O|  |TAMS 0x00000000a2800000| PB 0x00000000a2800000| Untracked 
|   7|0x00000000a2900000, 0x00000000a2a00000, 0x00000000a2a00000|100%| O|  |TAMS 0x00000000a2900000| PB 0x00000000a2900000| Untracked 
|   8|0x00000000a2a00000, 0x00000000a2b00000, 0x00000000a2b00000|100%| O|  |TAMS 0x00000000a2a00000| PB 0x00000000a2a00000| Untracked 
|   9|0x00000000a2b00000, 0x00000000a2c00000, 0x00000000a2c00000|100%| O|  |TAMS 0x00000000a2b00000| PB 0x00000000a2b00000| Untracked 
|  10|0x00000000a2c00000, 0x00000000a2d00000, 0x00000000a2d00000|100%| O|  |TAMS 0x00000000a2c00000| PB 0x00000000a2c00000| Untracked 
|  11|0x00000000a2d00000, 0x00000000a2e00000, 0x00000000a2e00000|100%| O|  |TAMS 0x00000000a2d00000| PB 0x00000000a2d00000| Untracked 
|  12|0x00000000a2e00000, 0x00000000a2e00000, 0x00000000a2f00000|  0%| F|  |TAMS 0x00000000a2e00000| PB 0x00000000a2e00000| Untracked 
|  13|0x00000000a2f00000, 0x00000000a3000000, 0x00000000a3000000|100%| O|  |TAMS 0x00000000a2f00000| PB 0x00000000a2f00000| Untracked 
|  14|0x00000000a3000000, 0x00000000a3100000, 0x00000000a3100000|100%| O|  |TAMS 0x00000000a3000000| PB 0x00000000a3000000| Untracked 
|  15|0x00000000a3100000, 0x00000000a3200000, 0x00000000a3200000|100%| O|  |TAMS 0x00000000a3100000| PB 0x00000000a3100000| Untracked 
|  16|0x00000000a3200000, 0x00000000a3300000, 0x00000000a3300000|100%| O|  |TAMS 0x00000000a3200000| PB 0x00000000a3200000| Untracked 
|  17|0x00000000a3300000, 0x00000000a3400000, 0x00000000a3400000|100%| O|  |TAMS 0x00000000a3300000| PB 0x00000000a3300000| Untracked 
|  18|0x00000000a3400000, 0x00000000a3500000, 0x00000000a3500000|100%| O|  |TAMS 0x00000000a3400000| PB 0x00000000a3400000| Untracked 
|  19|0x00000000a3500000, 0x00000000a3519880, 0x00000000a3600000|  9%| O|  |TAMS 0x00000000a3500000| PB 0x00000000a3500000| Untracked 
|  20|0x00000000a3600000, 0x00000000a3600000, 0x00000000a3700000|  0%| F|  |TAMS 0x00000000a3600000| PB 0x00000000a3600000| Untracked 
|  21|0x00000000a3700000, 0x00000000a3800000, 0x00000000a3800000|100%| O|  |TAMS 0x00000000a3700000| PB 0x00000000a3700000| Untracked 
|  22|0x00000000a3800000, 0x00000000a3900000, 0x00000000a3900000|100%| O|  |TAMS 0x00000000a3800000| PB 0x00000000a3800000| Untracked 
|  23|0x00000000a3900000, 0x00000000a3a00000, 0x00000000a3a00000|100%| O|  |TAMS 0x00000000a3900000| PB 0x00000000a3900000| Untracked 
|  24|0x00000000a3a00000, 0x00000000a3b00000, 0x00000000a3b00000|100%| O|  |TAMS 0x00000000a3a00000| PB 0x00000000a3a00000| Untracked 
|  25|0x00000000a3b00000, 0x00000000a3c00000, 0x00000000a3c00000|100%| O|  |TAMS 0x00000000a3b00000| PB 0x00000000a3b00000| Untracked 
|  26|0x00000000a3c00000, 0x00000000a3d00000, 0x00000000a3d00000|100%| O|  |TAMS 0x00000000a3c00000| PB 0x00000000a3c00000| Untracked 
|  27|0x00000000a3d00000, 0x00000000a3e00000, 0x00000000a3e00000|100%| O|  |TAMS 0x00000000a3d00000| PB 0x00000000a3d00000| Untracked 
|  28|0x00000000a3e00000, 0x00000000a3f00000, 0x00000000a3f00000|100%| O|  |TAMS 0x00000000a3e00000| PB 0x00000000a3e00000| Untracked 
|  29|0x00000000a3f00000, 0x00000000a4000000, 0x00000000a4000000|100%| O|  |TAMS 0x00000000a3f00000| PB 0x00000000a3f00000| Untracked 
|  30|0x00000000a4000000, 0x00000000a4100000, 0x00000000a4100000|100%| O|  |TAMS 0x00000000a4000000| PB 0x00000000a4000000| Untracked 
|  31|0x00000000a4100000, 0x00000000a4200000, 0x00000000a4200000|100%| O|  |TAMS 0x00000000a4100000| PB 0x00000000a4100000| Untracked 
|  32|0x00000000a4200000, 0x00000000a4300000, 0x00000000a4300000|100%| O|  |TAMS 0x00000000a4200000| PB 0x00000000a4200000| Untracked 
|  33|0x00000000a4300000, 0x00000000a4400000, 0x00000000a4400000|100%| O|  |TAMS 0x00000000a4300000| PB 0x00000000a4300000| Untracked 
|  34|0x00000000a4400000, 0x00000000a4500000, 0x00000000a4500000|100%| O|  |TAMS 0x00000000a4400000| PB 0x00000000a4400000| Untracked 
|  35|0x00000000a4500000, 0x00000000a4600000, 0x00000000a4600000|100%| O|  |TAMS 0x00000000a4500000| PB 0x00000000a4500000| Untracked 
|  36|0x00000000a4600000, 0x00000000a4700000, 0x00000000a4700000|100%| O|  |TAMS 0x00000000a4600000| PB 0x00000000a4600000| Untracked 
|  37|0x00000000a4700000, 0x00000000a4800000, 0x00000000a4800000|100%| O|  |TAMS 0x00000000a4700000| PB 0x00000000a4700000| Untracked 
|  38|0x00000000a4800000, 0x00000000a4900000, 0x00000000a4900000|100%| O|  |TAMS 0x00000000a4800000| PB 0x00000000a4800000| Untracked 
|  39|0x00000000a4900000, 0x00000000a4900000, 0x00000000a4a00000|  0%| F|  |TAMS 0x00000000a4900000| PB 0x00000000a4900000| Untracked 
|  40|0x00000000a4a00000, 0x00000000a4b00000, 0x00000000a4b00000|100%| O|  |TAMS 0x00000000a4a00000| PB 0x00000000a4a00000| Untracked 
|  41|0x00000000a4b00000, 0x00000000a4c00000, 0x00000000a4c00000|100%| O|  |TAMS 0x00000000a4b00000| PB 0x00000000a4b00000| Untracked 
|  42|0x00000000a4c00000, 0x00000000a4d00000, 0x00000000a4d00000|100%| O|  |TAMS 0x00000000a4c00000| PB 0x00000000a4c00000| Untracked 
|  43|0x00000000a4d00000, 0x00000000a4d00000, 0x00000000a4e00000|  0%| F|  |TAMS 0x00000000a4d00000| PB 0x00000000a4d00000| Untracked 
|  44|0x00000000a4e00000, 0x00000000a4f00000, 0x00000000a4f00000|100%| O|  |TAMS 0x00000000a4e00000| PB 0x00000000a4e00000| Untracked 
|  45|0x00000000a4f00000, 0x00000000a5000000, 0x00000000a5000000|100%| O|  |TAMS 0x00000000a4f00000| PB 0x00000000a4f00000| Untracked 
|  46|0x00000000a5000000, 0x00000000a5100000, 0x00000000a5100000|100%| O|  |TAMS 0x00000000a5000000| PB 0x00000000a5000000| Untracked 
|  47|0x00000000a5100000, 0x00000000a5200000, 0x00000000a5200000|100%| O|  |TAMS 0x00000000a5100000| PB 0x00000000a5100000| Untracked 
|  48|0x00000000a5200000, 0x00000000a5200000, 0x00000000a5300000|  0%| F|  |TAMS 0x00000000a5200000| PB 0x00000000a5200000| Untracked 
|  49|0x00000000a5300000, 0x00000000a5300000, 0x00000000a5400000|  0%| F|  |TAMS 0x00000000a5300000| PB 0x00000000a5300000| Untracked 
|  50|0x00000000a5400000, 0x00000000a5400000, 0x00000000a5500000|  0%| F|  |TAMS 0x00000000a5400000| PB 0x00000000a5400000| Untracked 
|  51|0x00000000a5500000, 0x00000000a5500000, 0x00000000a5600000|  0%| F|  |TAMS 0x00000000a5500000| PB 0x00000000a5500000| Untracked 
|  52|0x00000000a5600000, 0x00000000a5600000, 0x00000000a5700000|  0%| F|  |TAMS 0x00000000a5600000| PB 0x00000000a5600000| Untracked 
|  53|0x00000000a5700000, 0x00000000a5740998, 0x00000000a5800000| 25%| S|CS|TAMS 0x00000000a5700000| PB 0x00000000a5700000| Complete 
|  54|0x00000000a5800000, 0x00000000a5900000, 0x00000000a5900000|100%| S|CS|TAMS 0x00000000a5800000| PB 0x00000000a5800000| Complete 
|  55|0x00000000a5900000, 0x00000000a5a00000, 0x00000000a5a00000|100%| S|CS|TAMS 0x00000000a5900000| PB 0x00000000a5900000| Complete 
|  56|0x00000000a5a00000, 0x00000000a5a00000, 0x00000000a5b00000|  0%| F|  |TAMS 0x00000000a5a00000| PB 0x00000000a5a00000| Untracked 
|  57|0x00000000a5b00000, 0x00000000a5b00000, 0x00000000a5c00000|  0%| F|  |TAMS 0x00000000a5b00000| PB 0x00000000a5b00000| Untracked 
|  58|0x00000000a5c00000, 0x00000000a5c00000, 0x00000000a5d00000|  0%| F|  |TAMS 0x00000000a5c00000| PB 0x00000000a5c00000| Untracked 
|  59|0x00000000a5d00000, 0x00000000a5d00000, 0x00000000a5e00000|  0%| F|  |TAMS 0x00000000a5d00000| PB 0x00000000a5d00000| Untracked 
|  60|0x00000000a5e00000, 0x00000000a5e00000, 0x00000000a5f00000|  0%| F|  |TAMS 0x00000000a5e00000| PB 0x00000000a5e00000| Untracked 
|  61|0x00000000a5f00000, 0x00000000a5f00000, 0x00000000a6000000|  0%| F|  |TAMS 0x00000000a5f00000| PB 0x00000000a5f00000| Untracked 
|  62|0x00000000a6000000, 0x00000000a6000000, 0x00000000a6100000|  0%| F|  |TAMS 0x00000000a6000000| PB 0x00000000a6000000| Untracked 
|  63|0x00000000a6100000, 0x00000000a6100000, 0x00000000a6200000|  0%| F|  |TAMS 0x00000000a6100000| PB 0x00000000a6100000| Untracked 
|  64|0x00000000a6200000, 0x00000000a6200000, 0x00000000a6300000|  0%| F|  |TAMS 0x00000000a6200000| PB 0x00000000a6200000| Untracked 
|  65|0x00000000a6300000, 0x00000000a6300000, 0x00000000a6400000|  0%| F|  |TAMS 0x00000000a6300000| PB 0x00000000a6300000| Untracked 
|  66|0x00000000a6400000, 0x00000000a6400000, 0x00000000a6500000|  0%| F|  |TAMS 0x00000000a6400000| PB 0x00000000a6400000| Untracked 
|  67|0x00000000a6500000, 0x00000000a6500000, 0x00000000a6600000|  0%| F|  |TAMS 0x00000000a6500000| PB 0x00000000a6500000| Untracked 
|  68|0x00000000a6600000, 0x00000000a6600000, 0x00000000a6700000|  0%| F|  |TAMS 0x00000000a6600000| PB 0x00000000a6600000| Untracked 
|  69|0x00000000a6700000, 0x00000000a6700000, 0x00000000a6800000|  0%| F|  |TAMS 0x00000000a6700000| PB 0x00000000a6700000| Untracked 
|  70|0x00000000a6800000, 0x00000000a6800000, 0x00000000a6900000|  0%| F|  |TAMS 0x00000000a6800000| PB 0x00000000a6800000| Untracked 
|  71|0x00000000a6900000, 0x00000000a6900000, 0x00000000a6a00000|  0%| F|  |TAMS 0x00000000a6900000| PB 0x00000000a6900000| Untracked 
|  72|0x00000000a6a00000, 0x00000000a6a00000, 0x00000000a6b00000|  0%| F|  |TAMS 0x00000000a6a00000| PB 0x00000000a6a00000| Untracked 
|  73|0x00000000a6b00000, 0x00000000a6b00000, 0x00000000a6c00000|  0%| F|  |TAMS 0x00000000a6b00000| PB 0x00000000a6b00000| Untracked 
|  74|0x00000000a6c00000, 0x00000000a6c00000, 0x00000000a6d00000|  0%| F|  |TAMS 0x00000000a6c00000| PB 0x00000000a6c00000| Untracked 
|  75|0x00000000a6d00000, 0x00000000a6d00000, 0x00000000a6e00000|  0%| F|  |TAMS 0x00000000a6d00000| PB 0x00000000a6d00000| Untracked 
|  76|0x00000000a6e00000, 0x00000000a6e6f9b8, 0x00000000a6f00000| 43%| E|  |TAMS 0x00000000a6e00000| PB 0x00000000a6e00000| Complete 
|  77|0x00000000a6f00000, 0x00000000a7000000, 0x00000000a7000000|100%| E|CS|TAMS 0x00000000a6f00000| PB 0x00000000a6f00000| Complete 
|  78|0x00000000a7000000, 0x00000000a7100000, 0x00000000a7100000|100%| E|CS|TAMS 0x00000000a7000000| PB 0x00000000a7000000| Complete 
|  79|0x00000000a7100000, 0x00000000a7200000, 0x00000000a7200000|100%| E|CS|TAMS 0x00000000a7100000| PB 0x00000000a7100000| Complete 
|  80|0x00000000a7200000, 0x00000000a7300000, 0x00000000a7300000|100%| E|CS|TAMS 0x00000000a7200000| PB 0x00000000a7200000| Complete 
|  81|0x00000000a7300000, 0x00000000a7400000, 0x00000000a7400000|100%| E|CS|TAMS 0x00000000a7300000| PB 0x00000000a7300000| Complete 
|  82|0x00000000a7400000, 0x00000000a7500000, 0x00000000a7500000|100%| E|CS|TAMS 0x00000000a7400000| PB 0x00000000a7400000| Complete 
|  83|0x00000000a7500000, 0x00000000a7600000, 0x00000000a7600000|100%| E|CS|TAMS 0x00000000a7500000| PB 0x00000000a7500000| Complete 
|  84|0x00000000a7600000, 0x00000000a7700000, 0x00000000a7700000|100%| E|CS|TAMS 0x00000000a7600000| PB 0x00000000a7600000| Complete 
|  85|0x00000000a7700000, 0x00000000a7800000, 0x00000000a7800000|100%| E|CS|TAMS 0x00000000a7700000| PB 0x00000000a7700000| Complete 
|  86|0x00000000a7800000, 0x00000000a7900000, 0x00000000a7900000|100%| E|CS|TAMS 0x00000000a7800000| PB 0x00000000a7800000| Complete 
|  87|0x00000000a7900000, 0x00000000a7a00000, 0x00000000a7a00000|100%| E|CS|TAMS 0x00000000a7900000| PB 0x00000000a7900000| Complete 
|  88|0x00000000a7a00000, 0x00000000a7b00000, 0x00000000a7b00000|100%| E|CS|TAMS 0x00000000a7a00000| PB 0x00000000a7a00000| Complete 
|  89|0x00000000a7b00000, 0x00000000a7c00000, 0x00000000a7c00000|100%| E|CS|TAMS 0x00000000a7b00000| PB 0x00000000a7b00000| Complete 
|  90|0x00000000a7c00000, 0x00000000a7d00000, 0x00000000a7d00000|100%| E|CS|TAMS 0x00000000a7c00000| PB 0x00000000a7c00000| Complete 
|  91|0x00000000a7d00000, 0x00000000a7e00000, 0x00000000a7e00000|100%| E|CS|TAMS 0x00000000a7d00000| PB 0x00000000a7d00000| Complete 
|  92|0x00000000a7e00000, 0x00000000a7f00000, 0x00000000a7f00000|100%| E|CS|TAMS 0x00000000a7e00000| PB 0x00000000a7e00000| Complete 
|  93|0x00000000a7f00000, 0x00000000a8000000, 0x00000000a8000000|100%| E|CS|TAMS 0x00000000a7f00000| PB 0x00000000a7f00000| Complete 
|  94|0x00000000a8000000, 0x00000000a8100000, 0x00000000a8100000|100%| E|CS|TAMS 0x00000000a8000000| PB 0x00000000a8000000| Complete 
|  95|0x00000000a8100000, 0x00000000a8200000, 0x00000000a8200000|100%| E|CS|TAMS 0x00000000a8100000| PB 0x00000000a8100000| Complete 
|  96|0x00000000a8200000, 0x00000000a8300000, 0x00000000a8300000|100%| E|CS|TAMS 0x00000000a8200000| PB 0x00000000a8200000| Complete 
|  97|0x00000000a8300000, 0x00000000a8400000, 0x00000000a8400000|100%| E|CS|TAMS 0x00000000a8300000| PB 0x00000000a8300000| Complete 
|  98|0x00000000a8400000, 0x00000000a8500000, 0x00000000a8500000|100%| E|CS|TAMS 0x00000000a8400000| PB 0x00000000a8400000| Complete 
|  99|0x00000000a8500000, 0x00000000a8600000, 0x00000000a8600000|100%| E|CS|TAMS 0x00000000a8500000| PB 0x00000000a8500000| Complete 
| 100|0x00000000a8600000, 0x00000000a8700000, 0x00000000a8700000|100%| E|CS|TAMS 0x00000000a8600000| PB 0x00000000a8600000| Complete 
| 101|0x00000000a8700000, 0x00000000a8800000, 0x00000000a8800000|100%| E|CS|TAMS 0x00000000a8700000| PB 0x00000000a8700000| Complete 

Card table byte_map: [0x00000222f7e20000,0x00000222f8110000] _byte_map_base: 0x00000222f790f000

Marking Bits: (CMBitMap*) 0x00000222e01ed840
 Bits: [0x00000222f8110000, 0x00000222f9888000)

Polling page: 0x00000222de050000

Metaspace:

Usage:
  Non-class:     74.20 MB used.
      Class:     11.51 MB used.
       Both:     85.71 MB used.

Virtual space:
  Non-class space:      128.00 MB reserved,      74.69 MB ( 58%) committed,  2 nodes.
      Class space:        1.00 GB reserved,      11.94 MB (  1%) committed,  1 nodes.
             Both:        1.12 GB reserved,      86.62 MB (  8%) committed. 

Chunk freelists:
   Non-Class:  5.34 MB
       Class:  4.04 MB
        Both:  9.38 MB

MaxMetaspaceSize: unlimited
CompressedClassSpaceSize: 1.00 GB
Initial GC threshold: 21.00 MB
Current GC threshold: 141.19 MB
CDS: on
 - commit_granule_bytes: 65536.
 - commit_granule_words: 8192.
 - virtual_space_node_default_size: 8388608.
 - enlarge_chunks_in_place: 1.
 - use_allocation_guard: 0.


Internal statistics:

num_allocs_failed_limit: 9.
num_arena_births: 1350.
num_arena_deaths: 0.
num_vsnodes_births: 3.
num_vsnodes_deaths: 0.
num_space_committed: 1386.
num_space_uncommitted: 0.
num_chunks_returned_to_freelist: 9.
num_chunks_taken_from_freelist: 4642.
num_chunk_merges: 9.
num_chunk_splits: 3369.
num_chunks_enlarged: 2591.
num_inconsistent_stats: 0.

CodeHeap 'non-profiled nmethods': size=120000Kb used=5392Kb max_used=5392Kb free=114607Kb
 bounds [0x00000222f00b0000, 0x00000222f0620000, 0x00000222f75e0000]
CodeHeap 'profiled nmethods': size=120000Kb used=16267Kb max_used=19420Kb free=103732Kb
 bounds [0x00000222e85e0000, 0x00000222e9920000, 0x00000222efb10000]
CodeHeap 'non-nmethods': size=5760Kb used=1720Kb max_used=1777Kb free=4039Kb
 bounds [0x00000222efb10000, 0x00000222efd80000, 0x00000222f00b0000]
 total_blobs=9046 nmethods=8301 adapters=648
 compilation: enabled
              stopped_count=0, restarted_count=0
 full_count=0

Compilation events (20 events):
Event: 224.990 Thread 0x00000222fc4fd300 12130       1       org.hibernate.boot.internal.SessionFactoryOptionsBuilder::getJdbcTimeZone (5 bytes)
Event: 224.990 Thread 0x00000222fc4fd300 nmethod 12130 0x00000222f0417290 code [0x00000222f0417420, 0x00000222f04174f0]
Event: 224.990 Thread 0x00000222fc4fd300 12128       1       org.hibernate.boot.internal.SessionFactoryOptionsBuilder::getPhysicalConnectionHandlingMode (5 bytes)
Event: 224.990 Thread 0x00000222fc4fd300 nmethod 12128 0x00000222f0412b90 code [0x00000222f0412d20, 0x00000222f0412df0]
Event: 224.990 Thread 0x00000222fc4fd300 12149       1       org.hibernate.resource.jdbc.spi.PhysicalConnectionHandlingMode::getReleaseMode (5 bytes)
Event: 224.991 Thread 0x00000222fc4fd300 nmethod 12149 0x00000222f0412790 code [0x00000222f0412920, 0x00000222f04129e8]
Event: 224.991 Thread 0x00000222fc4fd300 12133       1       org.hibernate.internal.SessionFactoryImpl$SessionBuilderImpl::getTenantIdentifierValue (5 bytes)
Event: 224.991 Thread 0x00000222fc4fd300 nmethod 12133 0x00000222f0457190 code [0x00000222f0457320, 0x00000222f04573e8]
Event: 224.991 Thread 0x00000222fc4fd300 12138       1       org.hibernate.boot.internal.SessionFactoryOptionsBuilder::isCriteriaCopyTreeEnabled (5 bytes)
Event: 224.991 Thread 0x00000222fc4fd300 nmethod 12138 0x00000222f0456d90 code [0x00000222f0456f20, 0x00000222f0456ff0]
Event: 224.991 Thread 0x00000222fc4fd300 12148       1       org.hibernate.internal.JdbcSessionContextImpl::getPhysicalConnectionHandlingMode (5 bytes)
Event: 224.991 Thread 0x00000222fc4fd300 nmethod 12148 0x00000222f03a1e90 code [0x00000222f03a2020, 0x00000222f03a20e8]
Event: 224.991 Thread 0x00000222fc4fd300 12150       1       org.hibernate.resource.jdbc.spi.PhysicalConnectionHandlingMode::getAcquisitionMode (5 bytes)
Event: 224.992 Thread 0x00000222fc4fd300 nmethod 12150 0x00000222f03a1b90 code [0x00000222f03a1d20, 0x00000222f03a1de8]
Event: 224.992 Thread 0x00000222fc4fd300 12147       1       org.hibernate.internal.AbstractSharedSessionContract::getEventListenerManager (5 bytes)
Event: 224.992 Thread 0x00000222fc4fd300 nmethod 12147 0x00000222f03a1890 code [0x00000222f03a1a20, 0x00000222f03a1ae8]
Event: 224.992 Thread 0x00000222fc4fd300 12151       1       org.hibernate.boot.internal.SessionFactoryOptionsBuilder::doesConnectionProviderDisableAutoCommit (5 bytes)
Event: 224.992 Thread 0x00000222fc4fd300 nmethod 12151 0x00000222f03c3910 code [0x00000222f03c3aa0, 0x00000222f03c3b70]
Event: 224.992 Thread 0x00000222fc4fd300 12160       1       org.hibernate.internal.AbstractSharedSessionContract::setCacheMode (6 bytes)
Event: 224.993 Thread 0x00000222fc4fd300 nmethod 12160 0x00000222f03c3610 code [0x00000222f03c37a0, 0x00000222f03c38b8]

GC Heap History (20 events):
Event: 18.234 GC heap before
{Heap before GC invocations=19 (full 0):
 garbage-first heap   total 79872K, used 68637K [0x00000000a2200000, 0x0000000100000000)
  region size 1024K, 33 young (33792K), 5 survivors (5120K)
 Metaspace       used 76319K, committed 77056K, reserved 1179648K
  class space    used 10390K, committed 10688K, reserved 1048576K
}
Event: 18.240 GC heap after
{Heap after GC invocations=20 (full 0):
 garbage-first heap   total 79872K, used 41091K [0x00000000a2200000, 0x0000000100000000)
  region size 1024K, 3 young (3072K), 3 survivors (3072K)
 Metaspace       used 76319K, committed 77056K, reserved 1179648K
  class space    used 10390K, committed 10688K, reserved 1048576K
}
Event: 19.221 GC heap before
{Heap before GC invocations=20 (full 0):
 garbage-first heap   total 79872K, used 70787K [0x00000000a2200000, 0x0000000100000000)
  region size 1024K, 32 young (32768K), 3 survivors (3072K)
 Metaspace       used 79375K, committed 80192K, reserved 1179648K
  class space    used 10801K, committed 11136K, reserved 1048576K
}
Event: 19.230 GC heap after
{Heap after GC invocations=21 (full 0):
 garbage-first heap   total 79872K, used 44838K [0x00000000a2200000, 0x0000000100000000)
  region size 1024K, 4 young (4096K), 4 survivors (4096K)
 Metaspace       used 79375K, committed 80192K, reserved 1179648K
  class space    used 10801K, committed 11136K, reserved 1048576K
}
Event: 135.673 GC heap before
{Heap before GC invocations=22 (full 0):
 garbage-first heap   total 79872K, used 70438K [0x00000000a2200000, 0x0000000100000000)
  region size 1024K, 29 young (29696K), 4 survivors (4096K)
 Metaspace       used 83450K, committed 84224K, reserved 1179648K
  class space    used 11282K, committed 11648K, reserved 1048576K
}
Event: 135.683 GC heap after
{Heap after GC invocations=23 (full 0):
 garbage-first heap   total 79872K, used 46855K [0x00000000a2200000, 0x0000000100000000)
  region size 1024K, 3 young (3072K), 3 survivors (3072K)
 Metaspace       used 83450K, committed 84224K, reserved 1179648K
  class space    used 11282K, committed 11648K, reserved 1048576K
}
Event: 136.637 GC heap before
{Heap before GC invocations=23 (full 0):
 garbage-first heap   total 79872K, used 70407K [0x00000000a2200000, 0x0000000100000000)
  region size 1024K, 26 young (26624K), 3 survivors (3072K)
 Metaspace       used 84858K, committed 85696K, reserved 1179648K
  class space    used 11483K, committed 11840K, reserved 1048576K
}
Event: 136.649 GC heap after
{Heap after GC invocations=24 (full 0):
 garbage-first heap   total 79872K, used 47930K [0x00000000a2200000, 0x0000000100000000)
  region size 1024K, 2 young (2048K), 2 survivors (2048K)
 Metaspace       used 84858K, committed 85696K, reserved 1179648K
  class space    used 11483K, committed 11840K, reserved 1048576K
}
Event: 137.422 GC heap before
{Heap before GC invocations=24 (full 0):
 garbage-first heap   total 79872K, used 71482K [0x00000000a2200000, 0x0000000100000000)
  region size 1024K, 25 young (25600K), 2 survivors (2048K)
 Metaspace       used 85338K, committed 86208K, reserved 1179648K
  class space    used 11494K, committed 11840K, reserved 1048576K
}
Event: 137.427 GC heap after
{Heap after GC invocations=25 (full 0):
 garbage-first heap   total 79872K, used 48141K [0x00000000a2200000, 0x0000000100000000)
  region size 1024K, 2 young (2048K), 2 survivors (2048K)
 Metaspace       used 85338K, committed 86208K, reserved 1179648K
  class space    used 11494K, committed 11840K, reserved 1048576K
}
Event: 138.215 GC heap before
{Heap before GC invocations=26 (full 0):
 garbage-first heap   total 87040K, used 71693K [0x00000000a2200000, 0x0000000100000000)
  region size 1024K, 25 young (25600K), 2 survivors (2048K)
 Metaspace       used 85623K, committed 86528K, reserved 1179648K
  class space    used 11498K, committed 11904K, reserved 1048576K
}
Event: 138.223 GC heap after
{Heap after GC invocations=27 (full 0):
 garbage-first heap   total 87040K, used 48141K [0x00000000a2200000, 0x0000000100000000)
  region size 1024K, 2 young (2048K), 2 survivors (2048K)
 Metaspace       used 85623K, committed 86528K, reserved 1179648K
  class space    used 11498K, committed 11904K, reserved 1048576K
}
Event: 139.446 GC heap before
{Heap before GC invocations=27 (full 0):
 garbage-first heap   total 87040K, used 78861K [0x00000000a2200000, 0x0000000100000000)
  region size 1024K, 32 young (32768K), 2 survivors (2048K)
 Metaspace       used 85800K, committed 86720K, reserved 1179648K
  class space    used 11506K, committed 11904K, reserved 1048576K
}
Event: 139.462 GC heap after
{Heap after GC invocations=28 (full 0):
 garbage-first heap   total 104448K, used 46461K [0x00000000a2200000, 0x0000000100000000)
  region size 1024K, 2 young (2048K), 2 survivors (2048K)
 Metaspace       used 85800K, committed 86720K, reserved 1179648K
  class space    used 11506K, committed 11904K, reserved 1048576K
}
Event: 140.539 GC heap before
{Heap before GC invocations=28 (full 0):
 garbage-first heap   total 104448K, used 95613K [0x00000000a2200000, 0x0000000100000000)
  region size 1024K, 50 young (51200K), 2 survivors (2048K)
 Metaspace       used 85845K, committed 86720K, reserved 1179648K
  class space    used 11506K, committed 11904K, reserved 1048576K
}
Event: 140.547 GC heap after
{Heap after GC invocations=29 (full 0):
 garbage-first heap   total 104448K, used 46537K [0x00000000a2200000, 0x0000000100000000)
  region size 1024K, 2 young (2048K), 2 survivors (2048K)
 Metaspace       used 85845K, committed 86720K, reserved 1179648K
  class space    used 11506K, committed 11904K, reserved 1048576K
}
Event: 141.575 GC heap before
{Heap before GC invocations=30 (full 0):
 garbage-first heap   total 104448K, used 95689K [0x00000000a2200000, 0x0000000100000000)
  region size 1024K, 50 young (51200K), 2 survivors (2048K)
 Metaspace       used 85915K, committed 86784K, reserved 1179648K
  class space    used 11518K, committed 11904K, reserved 1048576K
}
Event: 141.583 GC heap after
{Heap after GC invocations=31 (full 0):
 garbage-first heap   total 104448K, used 47104K [0x00000000a2200000, 0x0000000100000000)
  region size 1024K, 3 young (3072K), 3 survivors (3072K)
 Metaspace       used 85915K, committed 86784K, reserved 1179648K
  class space    used 11518K, committed 11904K, reserved 1048576K
}
Event: 142.576 GC heap before
{Heap before GC invocations=31 (full 0):
 garbage-first heap   total 104448K, used 94208K [0x00000000a2200000, 0x0000000100000000)
  region size 1024K, 49 young (50176K), 3 survivors (3072K)
 Metaspace       used 85938K, committed 86784K, reserved 1179648K
  class space    used 11518K, committed 11904K, reserved 1048576K
}
Event: 142.585 GC heap after
{Heap after GC invocations=32 (full 0):
 garbage-first heap   total 104448K, used 46440K [0x00000000a2200000, 0x0000000100000000)
  region size 1024K, 3 young (3072K), 3 survivors (3072K)
 Metaspace       used 85938K, committed 86784K, reserved 1179648K
  class space    used 11518K, committed 11904K, reserved 1048576K
}

Dll operation events (14 events):
Event: 0.018 Loaded shared library C:\Users\barek\.jdks\openjdk-21.0.1\bin\java.dll
Event: 0.071 Loaded shared library C:\Users\barek\.jdks\openjdk-21.0.1\bin\jsvml.dll
Event: 0.319 Loaded shared library C:\Users\barek\.jdks\openjdk-21.0.1\bin\zip.dll
Event: 0.330 Loaded shared library C:\Users\barek\.jdks\openjdk-21.0.1\bin\instrument.dll
Event: 0.342 Loaded shared library C:\Users\barek\.jdks\openjdk-21.0.1\bin\net.dll
Event: 0.346 Loaded shared library C:\Users\barek\.jdks\openjdk-21.0.1\bin\nio.dll
Event: 0.354 Loaded shared library C:\Users\barek\.jdks\openjdk-21.0.1\bin\zip.dll
Event: 0.675 Loaded shared library C:\Users\barek\AppData\Local\JetBrains\IntelliJ IDEA Community Edition 2024.3.2\bin\breakgen64.dll
Event: 0.698 Loaded shared library C:\Users\barek\.jdks\openjdk-21.0.1\bin\extnet.dll
Event: 0.760 Loaded shared library C:\Users\barek\.jdks\openjdk-21.0.1\bin\jimage.dll
Event: 3.481 Loaded shared library C:\Users\barek\.jdks\openjdk-21.0.1\bin\sunmscapi.dll
Event: 7.917 Loaded shared library C:\Users\barek\.jdks\openjdk-21.0.1\bin\management.dll
Event: 7.921 Loaded shared library C:\Users\barek\.jdks\openjdk-21.0.1\bin\management_ext.dll
Event: 9.019 Loaded shared library C:\Users\barek\.jdks\openjdk-21.0.1\bin\verify.dll

Deoptimization events (20 events):
Event: 224.912 Thread 0x00000222c6701ea0 Uncommon trap: trap_request=0xffffff45 fr.pc=0x00000222f05e2b68 relative=0x0000000000000148
Event: 224.912 Thread 0x00000222c6701ea0 Uncommon trap: reason=unstable_if action=reinterpret pc=0x00000222f05e2b68 method=java.util.concurrent.locks.ReentrantLock$Sync.tryLock()Z @ 10 c2
Event: 224.912 Thread 0x00000222c6701ea0 DEOPT PACKING pc=0x00000222f05e2b68 sp=0x0000002d306fb240
Event: 224.912 Thread 0x00000222c6701ea0 DEOPT UNPACKING pc=0x00000222efb646a2 sp=0x0000002d306fb1f0 mode 2
Event: 225.004 Thread 0x00000222c6701ea0 Uncommon trap: trap_request=0xffffff45 fr.pc=0x00000222f0528e40 relative=0x0000000000000800
Event: 225.004 Thread 0x00000222c6701ea0 Uncommon trap: reason=unstable_if action=reinterpret pc=0x00000222f0528e40 method=java.util.concurrent.ConcurrentMap.computeIfAbsent(Ljava/lang/Object;Ljava/util/function/Function;)Ljava/lang/Object; @ 41 c2
Event: 225.004 Thread 0x00000222c6702bc0 Uncommon trap: trap_request=0xffffff45 fr.pc=0x00000222f0528e40 relative=0x0000000000000800
Event: 225.004 Thread 0x00000222c6701ea0 DEOPT PACKING pc=0x00000222f0528e40 sp=0x0000002d306fbd60
Event: 225.004 Thread 0x00000222c6702bc0 Uncommon trap: reason=unstable_if action=reinterpret pc=0x00000222f0528e40 method=java.util.concurrent.ConcurrentMap.computeIfAbsent(Ljava/lang/Object;Ljava/util/function/Function;)Ljava/lang/Object; @ 41 c2
Event: 225.004 Thread 0x00000222c6700af0 Uncommon trap: trap_request=0xffffff45 fr.pc=0x00000222f0528e40 relative=0x0000000000000800
Event: 225.004 Thread 0x00000222c6701ea0 DEOPT UNPACKING pc=0x00000222efb646a2 sp=0x0000002d306fbd48 mode 2
Event: 225.004 Thread 0x00000222c6700af0 Uncommon trap: reason=unstable_if action=reinterpret pc=0x00000222f0528e40 method=java.util.concurrent.ConcurrentMap.computeIfAbsent(Ljava/lang/Object;Ljava/util/function/Function;)Ljava/lang/Object; @ 41 c2
Event: 225.004 Thread 0x00000222c66ffdd0 Uncommon trap: trap_request=0xffffff45 fr.pc=0x00000222f0528e40 relative=0x0000000000000800
Event: 225.004 Thread 0x00000222c6702bc0 DEOPT PACKING pc=0x00000222f0528e40 sp=0x0000002d307fc270
Event: 225.004 Thread 0x00000222c66ffdd0 Uncommon trap: reason=unstable_if action=reinterpret pc=0x00000222f0528e40 method=java.util.concurrent.ConcurrentMap.computeIfAbsent(Ljava/lang/Object;Ljava/util/function/Function;)Ljava/lang/Object; @ 41 c2
Event: 225.004 Thread 0x00000222c6702bc0 DEOPT UNPACKING pc=0x00000222efb646a2 sp=0x0000002d307fc258 mode 2
Event: 225.004 Thread 0x00000222c6700af0 DEOPT PACKING pc=0x00000222f0528e40 sp=0x0000002d308fc280
Event: 225.004 Thread 0x00000222c66ffdd0 DEOPT PACKING pc=0x00000222f0528e40 sp=0x0000002d30bfbe50
Event: 225.004 Thread 0x00000222c6700af0 DEOPT UNPACKING pc=0x00000222efb646a2 sp=0x0000002d308fc268 mode 2
Event: 225.004 Thread 0x00000222c66ffdd0 DEOPT UNPACKING pc=0x00000222efb646a2 sp=0x0000002d30bfbe38 mode 2

Classes loaded (20 events):
Event: 224.545 Loading class javax/crypto/spec/SecretKeySpec
Event: 224.546 Loading class javax/crypto/spec/SecretKeySpec done
Event: 224.547 Loading class jdk/internal/access/JavaxCryptoSpecAccess
Event: 224.548 Loading class jdk/internal/access/JavaxCryptoSpecAccess done
Event: 224.794 Loading class sun/nio/cs/US_ASCII$Encoder
Event: 224.795 Loading class sun/nio/cs/US_ASCII$Encoder done
Event: 224.795 Loading class sun/nio/cs/Surrogate$Parser
Event: 224.796 Loading class sun/nio/cs/Surrogate$Parser done
Event: 224.796 Loading class sun/nio/cs/Surrogate
Event: 224.796 Loading class sun/nio/cs/Surrogate done
Event: 224.807 Loading class com/sun/crypto/provider/HmacCore$HmacSHA384
Event: 224.807 Loading class com/sun/crypto/provider/HmacCore
Event: 224.808 Loading class javax/crypto/MacSpi
Event: 224.808 Loading class javax/crypto/MacSpi done
Event: 224.808 Loading class com/sun/crypto/provider/HmacCore done
Event: 224.808 Loading class com/sun/crypto/provider/HmacCore$HmacSHA384 done
Event: 224.809 Loading class sun/security/provider/SHA5$SHA384
Event: 224.809 Loading class sun/security/provider/SHA5
Event: 224.810 Loading class sun/security/provider/SHA5 done
Event: 224.810 Loading class sun/security/provider/SHA5$SHA384 done

Classes unloaded (0 events):
No events

Classes redefined (0 events):
No events

Internal exceptions (20 events):
Event: 16.568 Thread 0x00000222ddddfde0 Exception <a 'java/lang/NoSuchMethodError'{0x00000000a5665d30}: 'long java.lang.invoke.DirectMethodHandle$Holder.invokeVirtual(java.lang.Object, java.lang.Object)'> (0x00000000a5665d30) 
thrown [s\open\src\hotspot\share\interpreter\linkResolver.cpp, line 773]
Event: 16.673 Thread 0x00000222ddddfde0 Exception <a 'sun/nio/fs/WindowsException'{0x00000000a54e26d0}> (0x00000000a54e26d0) 
thrown [s\open\src\hotspot\share\prims\jni.cpp, line 520]
Event: 17.849 Thread 0x00000222ddddfde0 Exception <a 'java/lang/NoSuchMethodError'{0x00000000a60751c8}: 'java.lang.Object java.lang.invoke.DirectMethodHandle$Holder.newInvokeSpecial(java.lang.Object, java.lang.Object, java.lang.Object, java.lang.Object, java.lang.Object, java.lang.Object, java.lang.Object, java.lang.Object)'> (0x00000000a60751c8) 
thrown [s\open\src\hotspot\share\interpreter\linkResolver.cpp, line 773]
Event: 17.865 Thread 0x00000222ddddfde0 Implicit null exception at 0x00000222f02bee77 to 0x00000222f02bf0e0
Event: 18.009 Thread 0x00000222ddddfde0 Exception <a 'java/lang/NoSuchMethodError'{0x00000000a5aae770}: 'java.lang.Object java.lang.invoke.DirectMethodHandle$Holder.invokeVirtual(java.lang.Object, java.lang.Object, java.lang.Object, java.lang.Object, java.lang.Object, java.lang.Object, java.lang.Object)'> (0x00000000a5aae770) 
thrown [s\open\src\hotspot\share\interpreter\linkResolver.cpp, line 773]
Event: 18.554 Thread 0x00000222ddddfde0 Exception <a 'java/lang/IncompatibleClassChangeError'{0x00000000a6441530}: Found class java.lang.Object, but interface was expected> (0x00000000a6441530) 
thrown [s\open\src\hotspot\share\interpreter\linkResolver.cpp, line 840]
Event: 18.702 Thread 0x00000222ddddfde0 Implicit null exception at 0x00000222f031dc7c to 0x00000222f031dd34
Event: 18.703 Thread 0x00000222ddddfde0 Implicit null exception at 0x00000222f031dc7c to 0x00000222f031dd34
Event: 18.751 Thread 0x00000222ddddfde0 Exception <a 'java/lang/NoSuchMethodError'{0x00000000a6084158}: 'java.lang.Object java.lang.invoke.DirectMethodHandle$Holder.invokeInterface(java.lang.Object, java.lang.Object, java.lang.Object, java.lang.Object)'> (0x00000000a6084158) 
thrown [s\open\src\hotspot\share\interpreter\linkResolver.cpp, line 773]
Event: 18.833 Thread 0x00000222ddddfde0 Exception <a 'java/lang/NoSuchMethodError'{0x00000000a5e6d1d0}: 'void java.lang.invoke.DirectMethodHandle$Holder.invokeVirtual(java.lang.Object, java.lang.Object, long)'> (0x00000000a5e6d1d0) 
thrown [s\open\src\hotspot\share\interpreter\linkResolver.cpp, line 773]
Event: 18.948 Thread 0x00000222ddddfde0 Exception <a 'java/lang/NoSuchMethodError'{0x00000000a5bb0b40}: 'int java.lang.invoke.DirectMethodHandle$Holder.invokeStaticInit(java.lang.Object, java.lang.Object, java.lang.Object, java.lang.Object)'> (0x00000000a5bb0b40) 
thrown [s\open\src\hotspot\share\interpreter\linkResolver.cpp, line 773]
Event: 18.983 Thread 0x00000222ddddfde0 Exception <a 'java/lang/NoSuchMethodError'{0x00000000a5a82b30}: 'java.lang.Object java.lang.invoke.DirectMethodHandle$Holder.invokeVirtual(java.lang.Object, java.lang.Object, java.lang.Object, java.lang.Object, java.lang.Object, java.lang.Object, java.lang.Object, java.lang.Object, java.lang.Object)'> (0x00000000a5a82b30) 
thrown [s\open\src\hotspot\share\interpreter\linkResolver.cpp, line 773]
Event: 19.054 Thread 0x00000222ddddfde0 Exception <a 'java/lang/NoSuchMethodError'{0x00000000a58a36c8}: 'java.lang.Object java.lang.invoke.DirectMethodHandle$Holder.invokeVirtual(java.lang.Object, java.lang.Object, java.lang.Object, java.lang.Object, java.lang.Object, java.lang.Object, java.lang.Object, java.lang.Object, java.lang.Object, java.lang.Object)'> (0x00000000a58a36c8) 
thrown [s\open\src\hotspot\share\interpreter\linkResolver.cpp, line 773]
Event: 19.132 Thread 0x00000222ddddfde0 Exception <a 'java/lang/IncompatibleClassChangeError'{0x00000000a56b5118}: Found class java.lang.Object, but interface was expected> (0x00000000a56b5118) 
thrown [s\open\src\hotspot\share\interpreter\linkResolver.cpp, line 840]
Event: 19.148 Thread 0x00000222ddddfde0 Implicit null exception at 0x00000222f024b208 to 0x00000222f024b45c
Event: 19.271 Thread 0x00000222ddddfde0 Exception <a 'java/lang/NoSuchMethodError'{0x00000000a6e6f720}: 'java.lang.Object java.lang.invoke.DirectMethodHandle$Holder.newInvokeSpecial(java.lang.Object, java.lang.Object, int, java.lang.Object, java.lang.Object)'> (0x00000000a6e6f720) 
thrown [s\open\src\hotspot\share\interpreter\linkResolver.cpp, line 773]
Event: 134.192 Thread 0x00000222c6702bc0 Exception <a 'java/lang/NoSuchMethodError'{0x00000000a6a78630}: 'java.lang.Object java.lang.invoke.DirectMethodHandle$Holder.invokeSpecial(java.lang.Object, java.lang.Object, java.lang.Object, java.lang.Object, java.lang.Object, long)'> (0x00000000a6a78630) 
thrown [s\open\src\hotspot\share\interpreter\linkResolver.cpp, line 773]
Event: 134.193 Thread 0x00000222c6702bc0 Exception <a 'java/lang/NoSuchMethodError'{0x00000000a6a7bda8}: 'java.lang.Object java.lang.invoke.Invokers$Holder.linkToTargetMethod(java.lang.Object, java.lang.Object, java.lang.Object, long, java.lang.Object)'> (0x00000000a6a7bda8) 
thrown [s\open\src\hotspot\share\interpreter\linkResolver.cpp, line 773]
Event: 134.329 Thread 0x00000222c6702bc0 Exception <a 'java/lang/NoSuchMethodError'{0x00000000a6827728}: 'java.lang.Object java.lang.invoke.DirectMethodHandle$Holder.invokeStatic(java.lang.Object, int, int)'> (0x00000000a6827728) 
thrown [s\open\src\hotspot\share\interpreter\linkResolver.cpp, line 773]
Event: 142.795 Thread 0x00000222c6703f70 Implicit null exception at 0x00000222f024227d to 0x00000222f024241c

ZGC Phase Switch (0 events):
No events

VM Operations (20 events):
Event: 196.708 Executing VM operation: Cleanup
Event: 196.708 Executing VM operation: Cleanup done
Event: 206.788 Executing VM operation: Cleanup
Event: 206.788 Executing VM operation: Cleanup done
Event: 212.850 Executing VM operation: Cleanup
Event: 212.850 Executing VM operation: Cleanup done
Event: 216.891 Executing VM operation: Cleanup
Event: 216.891 Executing VM operation: Cleanup done
Event: 217.906 Executing VM operation: Cleanup
Event: 217.906 Executing VM operation: Cleanup done
Event: 220.934 Executing VM operation: Cleanup
Event: 220.934 Executing VM operation: Cleanup done
Event: 223.958 Executing VM operation: Cleanup
Event: 223.974 Executing VM operation: Cleanup done
Event: 224.521 Executing VM operation: HandshakeAllThreads (Deoptimize)
Event: 224.523 Executing VM operation: HandshakeAllThreads (Deoptimize) done
Event: 224.598 Executing VM operation: HandshakeAllThreads (Deoptimize)
Event: 224.598 Executing VM operation: HandshakeAllThreads (Deoptimize) done
Event: 225.610 Executing VM operation: Cleanup
Event: 225.611 Executing VM operation: Cleanup done

Events (20 events):
Event: 140.673 Thread 0x00000222fc4c57a0 flushing nmethod 0x00000222f00c2d10
Event: 140.673 Thread 0x00000222fc4c57a0 flushing nmethod 0x00000222f00c7310
Event: 140.673 Thread 0x00000222fc4c57a0 flushing nmethod 0x00000222f00c2510
Event: 140.673 Thread 0x00000222fc4c57a0 flushing nmethod 0x00000222f00b5f10
Event: 140.673 Thread 0x00000222fc4c57a0 flushing nmethod 0x00000222f00b5c10
Event: 140.673 Thread 0x00000222fc4c57a0 flushing nmethod 0x00000222f00b9c10
Event: 140.673 Thread 0x00000222fc4c57a0 flushing nmethod 0x00000222f00bc790
Event: 140.673 Thread 0x00000222fc4c57a0 flushing nmethod 0x00000222f00b9910
Event: 140.673 Thread 0x00000222fc4c57a0 flushing nmethod 0x00000222f00b9610
Event: 140.673 Thread 0x00000222fc4c57a0 flushing nmethod 0x00000222f00bc190
Event: 140.673 Thread 0x00000222fc4c57a0 flushing nmethod 0x00000222f00b9310
Event: 140.673 Thread 0x00000222fc4c57a0 flushing nmethod 0x00000222f00bbe90
Event: 140.673 Thread 0x00000222fc4c57a0 flushing nmethod 0x00000222f00bb490
Event: 140.673 Thread 0x00000222fc4c57a0 flushing nmethod 0x00000222f00b9010
Event: 140.673 Thread 0x00000222fc4c57a0 flushing nmethod 0x00000222f00bb190
Event: 140.673 Thread 0x00000222fc4c57a0 flushing nmethod 0x00000222f00bd890
Event: 140.673 Thread 0x00000222fc4c57a0 flushing nmethod 0x00000222f00b0610
Event: 144.878 Thread 0x00000222c6ad1660 Thread exited: 0x00000222c6ad1660
Event: 145.889 Thread 0x00000222c6189620 Thread exited: 0x00000222c6189620
Event: 195.696 Thread 0x00000222fd26c290 Thread exited: 0x00000222fd26c290


Dynamic libraries:
0x00007ff6d0610000 - 0x00007ff6d061e000 	C:\Users\barek\.jdks\openjdk-21.0.1\bin\java.exe
0x00007ff837d40000 - 0x00007ff837fa7000 	C:\WINDOWS\SYSTEM32\ntdll.dll
0x00007ff836e30000 - 0x00007ff836ef9000 	C:\WINDOWS\System32\KERNEL32.DLL
0x00007ff834ab0000 - 0x00007ff834ea1000 	C:\WINDOWS\System32\KERNELBASE.dll
0x00007ff834eb0000 - 0x00007ff834ffb000 	C:\WINDOWS\System32\ucrtbase.dll
0x00007ff81f310000 - 0x00007ff81f328000 	C:\Users\barek\.jdks\openjdk-21.0.1\bin\jli.dll
0x00007ff827fc0000 - 0x00007ff827fdb000 	C:\Users\barek\.jdks\openjdk-21.0.1\bin\VCRUNTIME140.dll
0x00007ff837190000 - 0x00007ff837355000 	C:\WINDOWS\System32\USER32.dll
0x00007ff821100000 - 0x00007ff821393000 	C:\WINDOWS\WinSxS\amd64_microsoft.windows.common-controls_6595b64144ccf1df_6.0.26100.8037_none_3e092faae333b53b\COMCTL32.dll
0x00007ff835ab0000 - 0x00007ff835ad7000 	C:\WINDOWS\System32\win32u.dll
0x00007ff835ae0000 - 0x00007ff835b89000 	C:\WINDOWS\System32\msvcrt.dll
0x00007ff8366d0000 - 0x00007ff8366fb000 	C:\WINDOWS\System32\GDI32.dll
0x00007ff8346d0000 - 0x00007ff8347fb000 	C:\WINDOWS\System32\gdi32full.dll
0x00007ff834620000 - 0x00007ff8346c3000 	C:\WINDOWS\System32\msvcp_win.dll
0x00007ff836520000 - 0x00007ff836551000 	C:\WINDOWS\System32\IMM32.DLL
0x00007ff827fb0000 - 0x00007ff827fbc000 	C:\Users\barek\.jdks\openjdk-21.0.1\bin\vcruntime140_1.dll
0x00007fffd6940000 - 0x00007fffd69ce000 	C:\Users\barek\.jdks\openjdk-21.0.1\bin\msvcp140.dll
0x00007fff7f6f0000 - 0x00007fff80405000 	C:\Users\barek\.jdks\openjdk-21.0.1\bin\server\jvm.dll
0x00007ff837370000 - 0x00007ff83742b000 	C:\WINDOWS\System32\ADVAPI32.dll
0x00007ff836f00000 - 0x00007ff836fa7000 	C:\WINDOWS\System32\sechost.dll
0x00007ff837b50000 - 0x00007ff837c68000 	C:\WINDOWS\System32\RPCRT4.dll
0x00007ff835b90000 - 0x00007ff835c04000 	C:\WINDOWS\System32\WS2_32.dll
0x00007ff834480000 - 0x00007ff8344de000 	C:\WINDOWS\SYSTEM32\POWRPROF.dll
0x00007ff82c640000 - 0x00007ff82c675000 	C:\WINDOWS\SYSTEM32\WINMM.dll
0x00007ff82c6b0000 - 0x00007ff82c6bb000 	C:\WINDOWS\SYSTEM32\VERSION.dll
0x00007ff834460000 - 0x00007ff834474000 	C:\WINDOWS\SYSTEM32\UMPDC.dll
0x00007ff833310000 - 0x00007ff83332b000 	C:\WINDOWS\SYSTEM32\kernel.appcore.dll
0x00007ff825490000 - 0x00007ff82549a000 	C:\Users\barek\.jdks\openjdk-21.0.1\bin\jimage.dll
0x00007ff832640000 - 0x00007ff832882000 	C:\WINDOWS\SYSTEM32\DBGHELP.DLL
0x00007ff836800000 - 0x00007ff836b82000 	C:\WINDOWS\System32\combase.dll
0x00007ff8365f0000 - 0x00007ff8366c7000 	C:\WINDOWS\System32\OLEAUT32.dll
0x00007ff826160000 - 0x00007ff82619b000 	C:\WINDOWS\SYSTEM32\dbgcore.DLL
0x00007ff834a00000 - 0x00007ff834aa5000 	C:\WINDOWS\System32\bcryptPrimitives.dll
0x00007ff8218f0000 - 0x00007ff8218ff000 	C:\Users\barek\.jdks\openjdk-21.0.1\bin\instrument.dll
0x00007ff81f180000 - 0x00007ff81f19f000 	C:\Users\barek\.jdks\openjdk-21.0.1\bin\java.dll
0x00007ff835db0000 - 0x00007ff83650f000 	C:\WINDOWS\System32\SHELL32.dll
0x00007ff834800000 - 0x00007ff83496a000 	C:\WINDOWS\System32\wintypes.dll
0x00007ff835000000 - 0x00007ff835864000 	C:\WINDOWS\System32\windows.storage.dll
0x00007ff837a20000 - 0x00007ff837b17000 	C:\WINDOWS\System32\SHCORE.dll
0x00007ff836780000 - 0x00007ff8367e7000 	C:\WINDOWS\System32\shlwapi.dll
0x00007ff834540000 - 0x00007ff834569000 	C:\WINDOWS\SYSTEM32\profapi.dll
0x00007fffd5ca0000 - 0x00007fffd5d77000 	C:\Users\barek\.jdks\openjdk-21.0.1\bin\jsvml.dll
0x00007ff81db50000 - 0x00007ff81db68000 	C:\Users\barek\.jdks\openjdk-21.0.1\bin\zip.dll
0x00007ff81f360000 - 0x00007ff81f370000 	C:\Users\barek\.jdks\openjdk-21.0.1\bin\net.dll
0x00007ff82c510000 - 0x00007ff82c637000 	C:\WINDOWS\SYSTEM32\WINHTTP.dll
0x00007ff833920000 - 0x00007ff83398b000 	C:\WINDOWS\system32\mswsock.dll
0x00007ff81dec0000 - 0x00007ff81ded6000 	C:\Users\barek\.jdks\openjdk-21.0.1\bin\nio.dll
0x00007ff8170f0000 - 0x00007ff81710a000 	C:\Users\barek\AppData\Local\JetBrains\IntelliJ IDEA Community Edition 2024.3.2\bin\breakgen64.dll
0x00007ff81f240000 - 0x00007ff81f247000 	C:\Users\barek\.jdks\openjdk-21.0.1\bin\extnet.dll
0x00007ff81f300000 - 0x00007ff81f30e000 	C:\Users\barek\.jdks\openjdk-21.0.1\bin\sunmscapi.dll
0x00007ff835870000 - 0x00007ff8359e7000 	C:\WINDOWS\System32\CRYPT32.dll
0x00007ff833e20000 - 0x00007ff833e50000 	C:\WINDOWS\SYSTEM32\ncrypt.dll
0x00007ff833dd0000 - 0x00007ff833e0f000 	C:\WINDOWS\SYSTEM32\NTASN1.dll
0x00007ff833c00000 - 0x00007ff833c1b000 	C:\WINDOWS\SYSTEM32\CRYPTSP.dll
0x00007ff833330000 - 0x00007ff833369000 	C:\WINDOWS\system32\rsaenh.dll
0x00007ff8339d0000 - 0x00007ff833a02000 	C:\WINDOWS\SYSTEM32\USERENV.dll
0x00007ff834510000 - 0x00007ff83453a000 	C:\WINDOWS\SYSTEM32\bcrypt.dll
0x00007ff833c20000 - 0x00007ff833c2c000 	C:\WINDOWS\SYSTEM32\CRYPTBASE.dll
0x00007ff832d80000 - 0x00007ff832db3000 	C:\WINDOWS\SYSTEM32\IPHLPAPI.DLL
0x00007ff837360000 - 0x00007ff83736a000 	C:\WINDOWS\System32\NSI.dll
0x00007ff81e5c0000 - 0x00007ff81e5ca000 	C:\Users\barek\.jdks\openjdk-21.0.1\bin\management.dll
0x00007ff81bb20000 - 0x00007ff81bb2b000 	C:\Users\barek\.jdks\openjdk-21.0.1\bin\management_ext.dll
0x00007ff837b20000 - 0x00007ff837b28000 	C:\WINDOWS\System32\PSAPI.DLL
0x00007ff8172e0000 - 0x00007ff8172f0000 	C:\Users\barek\.jdks\openjdk-21.0.1\bin\verify.dll
0x00007ff832e10000 - 0x00007ff832f3a000 	C:\WINDOWS\SYSTEM32\DNSAPI.dll
0x00007ff82e900000 - 0x00007ff82e90b000 	C:\Windows\System32\rasadhlp.dll
0x00007ff8281d0000 - 0x00007ff828256000 	C:\WINDOWS\System32\fwpuclnt.dll
0x00007ffff8110000 - 0x00007ffff8118000 	C:\WINDOWS\system32\wshunix.dll

dbghelp: loaded successfully - version: 4.0.5 - missing functions: none
symbol engine: initialized successfully - sym options: 0x614 - pdb path: .;C:\Users\barek\.jdks\openjdk-21.0.1\bin;C:\WINDOWS\SYSTEM32;C:\WINDOWS\WinSxS\amd64_microsoft.windows.common-controls_6595b64144ccf1df_6.0.26100.8037_none_3e092faae333b53b;C:\Users\barek\.jdks\openjdk-21.0.1\bin\server;C:\Users\barek\AppData\Local\JetBrains\IntelliJ IDEA Community Edition 2024.3.2\bin

VM Arguments:
jvm_args: -javaagent:C:\Users\barek\AppData\Local\JetBrains\IntelliJ IDEA Community Edition 2024.3.2\lib\idea_rt.jar=54095:C:\Users\barek\AppData\Local\JetBrains\IntelliJ IDEA Community Edition 2024.3.2\bin -Dfile.encoding=UTF-8 -Dsun.stdout.encoding=UTF-8 -Dsun.stderr.encoding=UTF-8 
java_command: com.macspace.gestiondestock.GestionDeStockApplication
java_class_path (initial): C:\wamp64\www\gestiondestock\target\classes;C:\Users\barek\.m2\repository\org\springframework\boot\spring-boot-starter-web\3.3.1\spring-boot-starter-web-3.3.1.jar;C:\Users\barek\.m2\repository\org\springframework\boot\spring-boot-starter\3.3.1\spring-boot-starter-3.3.1.jar;C:\Users\barek\.m2\repository\org\springframework\boot\spring-boot\3.3.1\spring-boot-3.3.1.jar;C:\Users\barek\.m2\repository\org\springframework\boot\spring-boot-autoconfigure\3.3.1\spring-boot-autoconfigure-3.3.1.jar;C:\Users\barek\.m2\repository\org\springframework\boot\spring-boot-starter-logging\3.3.1\spring-boot-starter-logging-3.3.1.jar;C:\Users\barek\.m2\repository\ch\qos\logback\logback-classic\1.5.6\logback-classic-1.5.6.jar;C:\Users\barek\.m2\repository\ch\qos\logback\logback-core\1.5.6\logback-core-1.5.6.jar;C:\Users\barek\.m2\repository\org\apache\logging\log4j\log4j-to-slf4j\2.23.1\log4j-to-slf4j-2.23.1.jar;C:\Users\barek\.m2\repository\org\apache\logging\log4j\log4j-api\2.23.1\log4j-api-2.23.1.jar;C:\Users\barek\.m2\repository\org\slf4j\jul-to-slf4j\2.0.13\jul-to-slf4j-2.0.13.jar;C:\Users\barek\.m2\repository\jakarta\annotation\jakarta.annotation-api\2.1.1\jakarta.annotation-api-2.1.1.jar;C:\Users\barek\.m2\repository\org\yaml\snakeyaml\2.2\snakeyaml-2.2.jar;C:\Users\barek\.m2\repository\org\springframework\boot\spring-boot-starter-json\3.3.1\spring-boot-starter-json-3.3.1.jar;C:\Users\barek\.m2\repository\com\fasterxml\jackson\datatype\jackson-datatype-jdk8\2.17.1\jackson-datatype-jdk8-2.17.1.jar;C:\Users\barek\.m2\repository\com\fasterxml\jackson\datatype\jackson-datatype-jsr310\2.17.1\jackson-datatype-jsr310-2.17.1.jar;C:\Users\barek\.m2\repository\com\fasterxml\jackson\module\jackson-module-parameter-names\2.17.1\jackson-module-parameter-names-2.17.1.jar;C:\Users\barek\.m2\repository\org\springframework\boot\spring-boot-starter-tomcat\3.3.1\spring-boot-starter-tomcat-3.3.1.jar;C:\Users\barek\.m2\repository\org\apache\tomcat\embed\tomcat-embed-core\10.1.25\tomcat-embed-core-10.1.25.jar;C:\Users\barek\.m2\repository\org\apache\tomcat\embed\tomcat-embed-websocket\10.1.25\tomcat-embed-websocket-10.1.25.jar;C:\Users\barek\.m2\repository\org\springframework\spring-web\6.1.10\spring-web-6.1.10.jar;C:\Users\barek\.m2\repository\org\springframework\spring-beans\6.1.10\spring-beans-6.1.10.jar;C:\Users\barek\.m2\repository\io\micrometer\micrometer-observation\1.13.1\micrometer-observation-1.13.1.jar;C:\Users\barek\.m2\repository\io\micrometer\micrometer-commons\1.13.1\micrometer-commons-1.13.1.jar;C:\Users\barek\.m2\repository\org\springframework\spring-webmvc\6.1.10\spring-webmvc-6.1.10.jar;C:\Users\barek\.m2\repository\org\springframework\spring-context\6.1.10\spring-context-6.1.10.jar;C:\Users\barek\.m2\repository\org\springframework\spring-expression\6.1.10\spring-expression-6.1.10.jar;C:\Users\barek\.m2\repository\org\springframework\boot\spring-boot-starter-data-jpa\3.3.1\spring-boot-starter-data-jpa-3.3.1.jar;C:\Users\barek\.m2\repository\org\springframework\boot\spring-boot-starter-aop\3.3.1\spring-boot-starter-aop-3.3.1.jar;C:\Users\barek\.m2\repository\org\aspectj\aspectjweaver\1.9.22\aspectjweaver-1.9.22.jar;C:\Users\barek\.m2\repository\org\springframework\boot\spring-boot-starter-jdbc\3.3.1\spring-boot-starter-jdbc-3.3.1.jar;C:\Users\barek\.m2\repository\com\zaxxer\HikariCP\5.1.0\HikariCP-5.1.0.jar;C:\Users\barek\.m2\repository\org\springframework\spring-jdbc\6.1.10\spring-jdbc-6.1.10.jar;C:\Users\barek\.m2\repository\org\hibernate\orm\hibernate-core\6.5.2.Final\hibernate-core-6.5.2.Final.jar;C:\Users\barek\.m2\repository\jakarta\persistence\jakarta.persistence-api\3.1.0\jakarta.persistence-api-3.1.0.jar;C:\Users\barek\.m2\repository\jakarta\transaction\jakarta.transaction-api\2.0.1\jakarta.transaction-api-2.0.1.jar;C:\Users\barek\.m2\repository\org\jboss\logging\jboss-logging\3.5.3.Final\jboss-logging-3.5.3.Final.jar;C:\Users\barek\.m2\repository\org\hibernate\common\hibernate-commons-annotations\6.0.6.Final\hibernate-commons-annotations-6.0.6.Final.jar;C:\Users\barek\.m2\repository\io\smallrye\jandex\3.1.2\jandex-3.1.2.jar;C:\Users\barek\.m2\repository\com\fasterxml\classmate\1.7.0\classmate-1.7.0.jar;C:\Users\barek\.m2\repository\net\bytebuddy\byte-buddy\1.14.17\byte-buddy-1.14.17.jar;C:\Users\barek\.m2\repository\org\glassfish\jaxb\jaxb-runtime\4.0.5\jaxb-runtime-4.0.5.jar;C:\Users\barek\.m2\repository\org\glassfish\jaxb\jaxb-core\4.0.5\jaxb-core-4.0.5.jar;C:\Users\barek\.m2\repository\org\eclipse\angus\angus-activation\2.0.2\angus-activation-2.0.2.jar;C:\Users\barek\.m2\repository\org\glassfish\jaxb\txw2\4.0.5\txw2-4.0.5.jar;C:\Users\barek\.m2\repository\com\sun\istack\istack-commons-runtime\4.1.2\istack-commons-runtime-4.1.2.jar;C:\Users\barek\.m2\repository\jakarta\inject\jakarta.inject-api\2.0.1\jakarta.inject-api-2.0.1.jar;C:\Users\barek\.m2\repository\org\antlr\antlr4-runtime\4.13.0\antlr4-runtime-4.13.0.jar;C:\Users\barek\.m2\repository\org\springframework\data\spring-data-jpa\3.3.1\spring-data-jpa-3.3.1.jar;C:\Users\barek\.m2\repository\org\springframework\data\spring-data-commons\3.3.1\spring-data-commons-3.3.1.jar;C:\Users\barek\.m2\repository\org\springframework\spring-orm\6.1.10\spring-orm-6.1.10.jar;C:\Users\barek\.m2\repository\org\springframework\spring-tx\6.1.10\spring-tx-6.1.10.jar;C:\Users\barek\.m2\repository\org\springframework\spring-aspects\6.1.10\spring-aspects-6.1.10.jar;C:\Users\barek\.m2\repository\com\mysql\mysql-connector-j\8.3.0\mysql-connector-j-8.3.0.jar;C:\Users\barek\.m2\repository\org\springframework\boot\spring-boot-starter-security\3.3.1\spring-boot-starter-security-3.3.1.jar;C:\Users\barek\.m2\repository\org\springframework\spring-aop\6.1.10\spring-aop-6.1.10.jar;C:\Users\barek\.m2\repository\org\springframework\security\spring-security-config\6.3.1\spring-security-config-6.3.1.jar;C:\Users\barek\.m2\repository\org\springframework\security\spring-security-web\6.3.1\spring-security-web-6.3.1.jar;C:\Users\barek\.m2\repository\io\jsonwebtoken\jjwt\0.12.5\jjwt-0.12.5.jar;C:\Users\barek\.m2\repository\io\jsonwebtoken\jjwt-api\0.12.5\jjwt-api-0.12.5.jar;C:\Users\barek\.m2\repository\io\jsonwebtoken\jjwt-impl\0.12.5\jjwt-impl-0.12.5.jar;C:\Users\barek\.m2\repository\io\jsonwebtoken\jjwt-jackson\0.12.5\jjwt-jackson-0.12.5.jar;C:\Users\barek\.m2\repository\com\fasterxml\jackson\core\jackson-databind\2.17.1\jackson-databind-2.17.1.jar;C:\Users\barek\.m2\repository\com\fasterxml\jackson\core\jackson-annotations\2.17.1\jackson-annotations-2.17.1.jar;C:\Users\barek\.m2\repository\com\fasterxml\jackson\core\jackson-core\2.17.1\jackson-core-2.17.1.jar;C:\Users\barek\.m2\repository\org\springdoc\springdoc-openapi-starter-webmvc-ui\2.5.0\springdoc-openapi-starter-webmvc-ui-2.5.0.jar;C:\Users\barek\.m2\repository\org\springdoc\springdoc-openapi-starter-webmvc-api\2.5.0\springdoc-openapi-starter-webmvc-api-2.5.0.jar;C:\Users\barek\.m2\repository\org\springdoc\springdoc-openapi-starter-common\2.5.0\springdoc-openapi-starter-common-2.5.0.jar;C:\Users\barek\.m2\repository\io\swagger\core\v3\swagger-core-jakarta\2.2.21\swagger-core-jakarta-2.2.21.jar;C:\Users\barek\.m2\repository\org\apache\commons\commons-lang3\3.14.0\commons-lang3-3.14.0.jar;C:\Users\barek\.m2\repository\io\swagger\core\v3\swagger-annotations-jakarta\2.2.21\swagger-annotations-jakarta-2.2.21.jar;C:\Users\barek\.m2\repository\io\swagger\core\v3\swagger-models-jakarta\2.2.21\swagger-models-jakarta-2.2.21.jar;C:\Users\barek\.m2\repository\com\fasterxml\jackson\dataformat\jackson-dataformat-yaml\2.17.1\jackson-dataformat-yaml-2.17.1.jar;C:\Users\barek\.m2\repository\org\webjars\swagger-ui\5.13.0\swagger-ui-5.13.0.jar;C:\Users\barek\.m2\repository\com\flickr4java\flickr4java\3.0.9\flickr4java-3.0.9.jar;C:\Users\barek\.m2\repository\com\github\scribejava\scribejava-apis\8.3.3\scribejava-apis-8.3.3.jar;C:\Users\barek\.m2\repository\com\github\scribejava\scribejava-core\8.3.3\scribejava-core-8.3.3.jar;C:\Users\barek\.m2\repository\com\github\scribejava\scribejava-java8\8.3.3\scribejava-java8-8.3.3.jar;C:\Users\barek\.m2\repository\org\slf4j\slf4j-api\2.0.13\slf4j-api-2.0.13.jar;C:\Users\barek\.m2\repository\org\projectlombok\lombok\1.18.32\lombok-1.18.32.jar;C:\Users\barek\.m2\repository\org\springframework\boot\spring-boot-starter-validation\3.3.1\spring-boot-starter-validation-3.3.1.jar;C:\Users\barek\.m2\repository\org\apache\tomcat\embed\tomcat-embed-el\10.1.25\tomcat-embed-el-10.1.25.jar;C:\Users\barek\.m2\repository\org\hibernate\validator\hibernate-validator\8.0.1.Final\hibernate-validator-8.0.1.Final.jar;C:\Users\barek\.m2\repository\jakarta\validation\jakarta.validation-api\3.0.2\jakarta.validation-api-3.0.2.jar;C:\Users\barek\.m2\repository\jakarta\xml\bind\jakarta.xml.bind-api\4.0.2\jakarta.xml.bind-api-4.0.2.jar;C:\Users\barek\.m2\repository\jakarta\activation\jakarta.activation-api\2.1.3\jakarta.activation-api-2.1.3.jar;C:\Users\barek\.m2\repository\org\springframework\spring-core\6.1.10\spring-core-6.1.10.jar;C:\Users\barek\.m2\repository\org\springframework\spring-jcl\6.1.10\spring-jcl-6.1.10.jar;C:\Users\barek\.m2\repository\org\springframework\security\spring-security-core\6.3.1\spring-security-core-6.3.1.jar;C:\Users\barek\.m2\repository\org\springframework\security\spring-security-crypto\6.3.1\spring-security-crypto-6.3.1.jar
Launcher Type: SUN_STANDARD

[Global flags]
     intx CICompilerCount                          = 4                                         {product} {ergonomic}
     uint ConcGCThreads                            = 3                                         {product} {ergonomic}
     uint G1ConcRefinementThreads                  = 10                                        {product} {ergonomic}
   size_t G1HeapRegionSize                         = 1048576                                   {product} {ergonomic}
    uintx GCDrainStackTargetSize                   = 64                                        {product} {ergonomic}
   size_t InitialHeapSize                          = 98566144                                  {product} {ergonomic}
   size_t MarkStackSize                            = 4194304                                   {product} {ergonomic}
   size_t MaxHeapSize                              = 1574961152                                {product} {ergonomic}
   size_t MaxNewSize                               = 944766976                                 {product} {ergonomic}
   size_t MinHeapDeltaBytes                        = 1048576                                   {product} {ergonomic}
   size_t MinHeapSize                              = 8388608                                   {product} {ergonomic}
    uintx NonNMethodCodeHeapSize                   = 5839372                                {pd product} {ergonomic}
    uintx NonProfiledCodeHeapSize                  = 122909434                              {pd product} {ergonomic}
    uintx ProfiledCodeHeapSize                     = 122909434                              {pd product} {ergonomic}
    uintx ReservedCodeCacheSize                    = 251658240                              {pd product} {ergonomic}
     bool SegmentedCodeCache                       = true                                      {product} {ergonomic}
   size_t SoftMaxHeapSize                          = 1574961152                             {manageable} {ergonomic}
     bool UseCompressedOops                        = true                           {product lp64_product} {ergonomic}
     bool UseG1GC                                  = true                                      {product} {ergonomic}
     bool UseLargePagesIndividualAllocation        = false                                  {pd product} {ergonomic}

Logging:
Log output configuration:
 #0: stdout all=warning uptime,level,tags foldmultilines=false
 #1: stderr all=off uptime,level,tags foldmultilines=false

Environment Variables:
PATH=C:\Program Files\Common Files\Oracle\Java\javapath;C:\WINDOWS\system32;C:\WINDOWS;C:\WINDOWS\System32\Wbem;C:\WINDOWS\System32\WindowsPowerShell\v1.0\;C:\WINDOWS\System32\OpenSSH\;C:\Program Files\Microsoft VS Code\bin;C:\Program Files\Git\cmd;C:\Program Files\Microsoft SQL Server\150\Tools\Binn\;C:\Program Files\Microsoft SQL Server\Client SDK\ODBC\170\Tools\Binn\;C:\Program Files (x86)\Microsoft SQL Server\160\Tools\Binn\;C:\Program Files\Microsoft SQL Server\160\Tools\Binn\;C:\Program Files\Microsoft SQL Server\160\DTS\Binn\;C:\Program Files (x86)\Microsoft SQL Server\160\DTS\Binn\;C:\Program Files\Azure Data Studio\bin;C:\Users\barek\AppData\Roaming\nvm;C:\Program Files\nodejs;C:\Program Files\Docker\Docker\resources\bin;C:\Program Files\dotnet\;C:\wamp64\bin\php\php7.4.33;C:\ProgramData\ComposerSetup\bin;C:\ProgramData\ComposerSetup\bin;C:\wamp64\bin\php\php7.4.33;C:\Users\barek\AppData\Local\Programs\Python\Python313\Scripts\;C:\Users\barek\AppData\Local\Programs\Python\Python313\;C:\Users\barek\AppData\Local\Programs\Python\Launcher\;C:\Users\barek\AppData\Local\Microsoft\WindowsApps;C:\Program Files\Azure Data Studio\bin;C:\Users\barek\AppData\Roaming\nvm;C:\Program Files\nodejs;C:\Users\barek\.dotnet\tools;C:\Users\barek\AppData\Roaming\Composer\vendor\bin;C:\ProgramData\ComposerSetup\bin;
USERNAME=barek
OS=Windows_NT
PROCESSOR_IDENTIFIER=AMD64 Family 23 Model 104 Stepping 1, AuthenticAMD
TMP=C:\Users\barek\AppData\Local\Temp
TEMP=C:\Users\barek\AppData\Local\Temp




Periodic native trim disabled

---------------  S Y S T E M  ---------------

OS:
 Windows 11 , 64 bit Build 26100 (10.0.26100.7920)
OS uptime: 18 days 2:15 hours
Hyper-V role detected

CPU: total 12 (initial active 12) (12 cores per cpu, 2 threads per core) family 23 model 104 stepping 1 microcode 0x8608103, cx8, cmov, fxsr, ht, mmx, 3dnowpref, sse, sse2, sse3, ssse3, sse4a, sse4.1, sse4.2, popcnt, lzcnt, tsc, tscinvbit, avx, avx2, aes, clmul, bmi1, bmi2, adx, sha, fma, vzeroupper, clflush, clflushopt, hv, rdtscp, rdpid, f16c
Processor Information for processor 0
  Max Mhz: 2100, Current Mhz: 1893, Mhz Limit: 2100
Processor Information for processor 1
  Max Mhz: 2100, Current Mhz: 1893, Mhz Limit: 2100
Processor Information for processor 2
  Max Mhz: 2100, Current Mhz: 1893, Mhz Limit: 2100
Processor Information for processor 3
  Max Mhz: 2100, Current Mhz: 1893, Mhz Limit: 2100
Processor Information for processor 4
  Max Mhz: 2100, Current Mhz: 1893, Mhz Limit: 2100
Processor Information for processor 5
  Max Mhz: 2100, Current Mhz: 1893, Mhz Limit: 2100
Processor Information for processor 6
  Max Mhz: 2100, Current Mhz: 1893, Mhz Limit: 2100
Processor Information for processor 7
  Max Mhz: 2100, Current Mhz: 1893, Mhz Limit: 2100
Processor Information for processor 8
  Max Mhz: 2100, Current Mhz: 1813, Mhz Limit: 2100
Processor Information for processor 9
  Max Mhz: 2100, Current Mhz: 1813, Mhz Limit: 2100
Processor Information for processor 10
  Max Mhz: 2100, Current Mhz: 1813, Mhz Limit: 2100
Processor Information for processor 11
  Max Mhz: 2100, Current Mhz: 1813, Mhz Limit: 2100

Memory: 4k page, system-wide physical 6005M (357M free)
TotalPageFile size 24437M (AvailPageFile size 12M)
current process WorkingSet (physical memory assigned to process): 151M, peak: 303M
current process commit charge ("private bytes"): 382M, peak: 398M

vm_info: OpenJDK 64-Bit Server VM (21.0.1+12-29) for windows-amd64 JRE (21.0.1+12-29), built on 2023-10-05T13:27:09Z by "mach5one" with MS VC++ 17.1 (VS2022)

END.
